  compilation succeeded; see C:\Users\tongm\OneDrive\Documents\GitHub\DirectX_Practice\DX_11\Chapter07_DX_Lighting\DX11_LitSkull\Debug\Basic.cso
  compilation succeeded; see C:\Users\tongm\OneDrive\Documents\GitHub\DirectX_Practice\DX_11\Chapter07_DX_Lighting\DX11_LitSkull\Debug\LightHelper.cso
  Camera.cpp
C:\Program Files (x86)\Microsoft DirectX SDK (June 2010)\Include\xnamath.h(2662,52): warning C4838: 'unsigned int'에서 'INT'(으)로의 변환에는 축소 변환이 필요합니다.
C:\Program Files (x86)\Microsoft DirectX SDK (June 2010)\Include\xnamath.h(2662,64): warning C4838: 'unsigned int'에서 'INT'(으)로의 변환에는 축소 변환이 필요합니다.
C:\Program Files (x86)\Microsoft DirectX SDK (June 2010)\Include\xnamath.h(2662,76): warning C4838: 'unsigned int'에서 'INT'(으)로의 변환에는 축소 변환이 필요합니다.
C:\Program Files (x86)\Microsoft DirectX SDK (June 2010)\Include\xnamath.h(2662,88): warning C4838: 'unsigned int'에서 'INT'(으)로의 변환에는 축소 변환이 필요합니다.
C:\Program Files (x86)\Microsoft DirectX SDK (June 2010)\Include\xnamath.h(2663,52): warning C4838: 'unsigned int'에서 'INT'(으)로의 변환에는 축소 변환이 필요합니다.
C:\Program Files (x86)\Microsoft DirectX SDK (June 2010)\Include\xnamath.h(2663,64): warning C4838: 'unsigned int'에서 'INT'(으)로의 변환에는 축소 변환이 필요합니다.
C:\Program Files (x86)\Microsoft DirectX SDK (June 2010)\Include\xnamath.h(2663,76): warning C4838: 'unsigned int'에서 'INT'(으)로의 변환에는 축소 변환이 필요합니다.
C:\Program Files (x86)\Microsoft DirectX SDK (June 2010)\Include\xnamath.h(2664,52): warning C4838: 'unsigned int'에서 'INT'(으)로의 변환에는 축소 변환이 필요합니다.
C:\Program Files (x86)\Microsoft DirectX SDK (June 2010)\Include\xnamath.h(2664,64): warning C4838: 'unsigned int'에서 'INT'(으)로의 변환에는 축소 변환이 필요합니다.
C:\Program Files (x86)\Microsoft DirectX SDK (June 2010)\Include\xnamath.h(2664,76): warning C4838: 'unsigned int'에서 'INT'(으)로의 변환에는 축소 변환이 필요합니다.
C:\Program Files (x86)\Microsoft DirectX SDK (June 2010)\Include\xnamath.h(2665,52): warning C4838: 'unsigned int'에서 'INT'(으)로의 변환에는 축소 변환이 필요합니다.
C:\Program Files (x86)\Microsoft DirectX SDK (June 2010)\Include\xnamath.h(2666,64): warning C4838: 'unsigned int'에서 'INT'(으)로의 변환에는 축소 변환이 필요합니다.
C:\Program Files (x86)\Microsoft DirectX SDK (June 2010)\Include\xnamath.h(2667,76): warning C4838: 'unsigned int'에서 'INT'(으)로의 변환에는 축소 변환이 필요합니다.
C:\Program Files (x86)\Microsoft DirectX SDK (June 2010)\Include\xnamath.h(2668,88): warning C4838: 'unsigned int'에서 'INT'(으)로의 변환에는 축소 변환이 필요합니다.
C:\Program Files (x86)\Microsoft DirectX SDK (June 2010)\Include\xnamath.h(2689,46): warning C4838: 'unsigned int'에서 'INT'(으)로의 변환에는 축소 변환이 필요합니다.
C:\Program Files (x86)\Microsoft DirectX SDK (June 2010)\Include\xnamath.h(2689,58): warning C4838: 'unsigned int'에서 'INT'(으)로의 변환에는 축소 변환이 필요합니다.
C:\Program Files (x86)\Microsoft DirectX SDK (June 2010)\Include\xnamath.h(2689,70): warning C4838: 'unsigned int'에서 'INT'(으)로의 변환에는 축소 변환이 필요합니다.
C:\Program Files (x86)\Microsoft DirectX SDK (June 2010)\Include\xnamath.h(2689,82): warning C4838: 'unsigned int'에서 'INT'(으)로의 변환에는 축소 변환이 필요합니다.
C:\Program Files (x86)\Microsoft DirectX SDK (June 2010)\Include\xnamath.h(2690,88): warning C4838: 'unsigned int'에서 'INT'(으)로의 변환에는 축소 변환이 필요합니다.
C:\Program Files (x86)\Microsoft DirectX SDK (June 2010)\Include\xnamath.h(2691,88): warning C4838: 'unsigned int'에서 'INT'(으)로의 변환에는 축소 변환이 필요합니다.
C:\Program Files (x86)\Microsoft DirectX SDK (June 2010)\Include\xnamath.h(2694,88): warning C4838: 'unsigned int'에서 'INT'(으)로의 변환에는 축소 변환이 필요합니다.
C:\Program Files (x86)\Microsoft DirectX SDK (June 2010)\Include\xnamath.h(2695,88): warning C4838: 'unsigned int'에서 'INT'(으)로의 변환에는 축소 변환이 필요합니다.
C:\Program Files (x86)\Microsoft DirectX SDK (June 2010)\Include\xnamath.h(2698,64): warning C4838: 'unsigned int'에서 'INT'(으)로의 변환에는 축소 변환이 필요합니다.
C:\Program Files (x86)\Microsoft DirectX SDK (June 2010)\Include\xnamath.h(2702,76): warning C4838: 'unsigned int'에서 'INT'(으)로의 변환에는 축소 변환이 필요합니다.
C:\Program Files (x86)\Microsoft DirectX SDK (June 2010)\Include\xnamath.h(2702,88): warning C4838: 'unsigned int'에서 'INT'(으)로의 변환에는 축소 변환이 필요합니다.
C:\Program Files (x86)\Microsoft DirectX SDK (June 2010)\Include\xnamath.h(2712,65): warning C4838: 'unsigned int'에서 'INT'(으)로의 변환에는 축소 변환이 필요합니다.
C:\Program Files (x86)\Microsoft DirectX SDK (June 2010)\Include\xnamath.h(2712,91): warning C4838: 'unsigned int'에서 'INT'(으)로의 변환에는 축소 변환이 필요합니다.
C:\Program Files (x86)\Microsoft DirectX SDK (June 2010)\Include\xnamath.h(2713,52): warning C4838: 'unsigned int'에서 'INT'(으)로의 변환에는 축소 변환이 필요합니다.
C:\Program Files (x86)\Microsoft DirectX SDK (June 2010)\Include\xnamath.h(2713,78): warning C4838: 'unsigned int'에서 'INT'(으)로의 변환에는 축소 변환이 필요합니다.
C:\Program Files (x86)\Microsoft DirectX SDK (June 2010)\Include\xnamath.h(2715,52): warning C4838: 'unsigned int'에서 'INT'(으)로의 변환에는 축소 변환이 필요합니다.
C:\Program Files (x86)\Microsoft DirectX SDK (June 2010)\Include\xnamath.h(2716,52): warning C4838: 'unsigned int'에서 'INT'(으)로의 변환에는 축소 변환이 필요합니다.
C:\Program Files (x86)\Microsoft DirectX SDK (June 2010)\Include\xnamath.h(2716,65): warning C4838: 'unsigned int'에서 'INT'(으)로의 변환에는 축소 변환이 필요합니다.
C:\Program Files (x86)\Microsoft DirectX SDK (June 2010)\Include\xnamath.h(2717,52): warning C4838: 'unsigned int'에서 'INT'(으)로의 변환에는 축소 변환이 필요합니다.
C:\Program Files (x86)\Microsoft DirectX SDK (June 2010)\Include\xnamath.h(2717,65): warning C4838: 'unsigned int'에서 'INT'(으)로의 변환에는 축소 변환이 필요합니다.
C:\Program Files (x86)\Microsoft DirectX SDK (June 2010)\Include\xnamath.h(2717,78): warning C4838: 'unsigned int'에서 'INT'(으)로의 변환에는 축소 변환이 필요합니다.
C:\Program Files (x86)\Microsoft DirectX SDK (June 2010)\Include\xnamath.h(2727,54): warning C4838: 'unsigned int'에서 'INT'(으)로의 변환에는 축소 변환이 필요합니다.
C:\Program Files (x86)\Microsoft DirectX SDK (June 2010)\Include\xnamath.h(2728,56): warning C4838: 'unsigned int'에서 'INT'(으)로의 변환에는 축소 변환이 필요합니다.
C:\Program Files (x86)\Microsoft DirectX SDK (June 2010)\Include\xnamath.h(2729,58): warning C4838: 'unsigned int'에서 'INT'(으)로의 변환에는 축소 변환이 필요합니다.
C:\Program Files (x86)\Microsoft DirectX SDK (June 2010)\Include\xnamath.h(2730,54): warning C4838: 'unsigned int'에서 'INT'(으)로의 변환에는 축소 변환이 필요합니다.
C:\Program Files (x86)\Microsoft DirectX SDK (June 2010)\Include\xnamath.h(2730,65): warning C4838: 'unsigned int'에서 'INT'(으)로의 변환에는 축소 변환이 필요합니다.
C:\Program Files (x86)\Microsoft DirectX SDK (June 2010)\Include\xnamath.h(2731,56): warning C4838: 'unsigned int'에서 'INT'(으)로의 변환에는 축소 변환이 필요합니다.
C:\Program Files (x86)\Microsoft DirectX SDK (June 2010)\Include\xnamath.h(2731,67): warning C4838: 'unsigned int'에서 'INT'(으)로의 변환에는 축소 변환이 필요합니다.
C:\Program Files (x86)\Microsoft DirectX SDK (June 2010)\Include\xnamath.h(2732,54): warning C4838: 'unsigned int'에서 'INT'(으)로의 변환에는 축소 변환이 필요합니다.
C:\Program Files (x86)\Microsoft DirectX SDK (June 2010)\Include\xnamath.h(2732,67): warning C4838: 'unsigned int'에서 'INT'(으)로의 변환에는 축소 변환이 필요합니다.
C:\Program Files (x86)\Microsoft DirectX SDK (June 2010)\Include\xnamath.h(2742,60): warning C4838: 'unsigned int'에서 'INT'(으)로의 변환에는 축소 변환이 필요합니다.
C:\Program Files (x86)\Microsoft DirectX SDK (June 2010)\Include\xnamath.h(2742,79): warning C4838: 'unsigned int'에서 'INT'(으)로의 변환에는 축소 변환이 필요합니다.
C:\Program Files (x86)\Microsoft DirectX SDK (June 2010)\Include\xnamath.h(2743,70): warning C4838: 'unsigned int'에서 'INT'(으)로의 변환에는 축소 변환이 필요합니다.
C:\Program Files (x86)\Microsoft DirectX SDK (June 2010)\Include\xnamath.h(2754,73): warning C4838: 'unsigned int'에서 'INT'(으)로의 변환에는 축소 변환이 필요합니다.
C:\Program Files (x86)\Microsoft DirectX SDK (June 2010)\Include\xnamathconvert.inl(2254,71): warning C4838: 'unsigned int'에서 'INT'(으)로의 변환에는 축소 변환이 필요합니다.
C:\Program Files (x86)\Microsoft DirectX SDK (June 2010)\Include\xnamathconvert.inl(4523,69): warning C4838: 'unsigned int'에서 'INT'(으)로의 변환에는 축소 변환이 필요합니다.
C:\Program Files (x86)\Microsoft DirectX SDK (June 2010)\Include\xnamathconvert.inl(4577,68): warning C4838: 'unsigned int'에서 'INT'(으)로의 변환에는 축소 변환이 필요합니다.
C:\Program Files (x86)\Microsoft DirectX SDK (June 2010)\Include\xnamathconvert.inl(4639,65): warning C4838: 'unsigned int'에서 'INT'(으)로의 변환에는 축소 변환이 필요합니다.
C:\Program Files (x86)\Microsoft DirectX SDK (June 2010)\Include\xnamathconvert.inl(4707,64): warning C4838: 'unsigned int'에서 'INT'(으)로의 변환에는 축소 변환이 필요합니다.
C:\Program Files (x86)\Microsoft DirectX SDK (June 2010)\Include\xnamathconvert.inl(4770,64): warning C4838: 'unsigned int'에서 'INT'(으)로의 변환에는 축소 변환이 필요합니다.
C:\Program Files (x86)\Microsoft DirectX SDK (June 2010)\Include\xnamathconvert.inl(4832,63): warning C4838: 'unsigned int'에서 'INT'(으)로의 변환에는 축소 변환이 필요합니다.
C:\Program Files (x86)\Microsoft DirectX SDK (June 2010)\Include\xnamathvector.inl(1269,45): warning C4838: 'unsigned int'에서 'INT'(으)로의 변환에는 축소 변환이 필요합니다.
C:\Program Files (x86)\Microsoft DirectX SDK (June 2010)\Include\xnamathvector.inl(1269,56): warning C4838: 'unsigned int'에서 'INT'(으)로의 변환에는 축소 변환이 필요합니다.
C:\Program Files (x86)\Microsoft DirectX SDK (June 2010)\Include\xnamathvector.inl(1269,67): warning C4838: 'unsigned int'에서 'INT'(으)로의 변환에는 축소 변환이 필요합니다.
C:\Program Files (x86)\Microsoft DirectX SDK (June 2010)\Include\xnamathvector.inl(1269,78): warning C4838: 'unsigned int'에서 'INT'(으)로의 변환에는 축소 변환이 필요합니다.
C:\Program Files (x86)\Microsoft DirectX SDK (June 2010)\Include\xnamathmisc.inl(518,43): warning C4838: 'unsigned int'에서 'INT'(으)로의 변환에는 축소 변환이 필요합니다.
C:\Program Files (x86)\Microsoft DirectX SDK (June 2010)\Include\xnamathmisc.inl(519,40): warning C4838: 'unsigned int'에서 'INT'(으)로의 변환에는 축소 변환이 필요합니다.
C:\Program Files (x86)\Microsoft DirectX SDK (June 2010)\Include\xnamathmisc.inl(519,51): warning C4838: 'unsigned int'에서 'INT'(으)로의 변환에는 축소 변환이 필요합니다.
  d3dApp.cpp
C:\Program Files (x86)\Microsoft DirectX SDK (June 2010)\Include\xnamath.h(2662,52): warning C4838: 'unsigned int'에서 'INT'(으)로의 변환에는 축소 변환이 필요합니다.
C:\Program Files (x86)\Microsoft DirectX SDK (June 2010)\Include\xnamath.h(2662,64): warning C4838: 'unsigned int'에서 'INT'(으)로의 변환에는 축소 변환이 필요합니다.
C:\Program Files (x86)\Microsoft DirectX SDK (June 2010)\Include\xnamath.h(2662,76): warning C4838: 'unsigned int'에서 'INT'(으)로의 변환에는 축소 변환이 필요합니다.
C:\Program Files (x86)\Microsoft DirectX SDK (June 2010)\Include\xnamath.h(2662,88): warning C4838: 'unsigned int'에서 'INT'(으)로의 변환에는 축소 변환이 필요합니다.
C:\Program Files (x86)\Microsoft DirectX SDK (June 2010)\Include\xnamath.h(2663,52): warning C4838: 'unsigned int'에서 'INT'(으)로의 변환에는 축소 변환이 필요합니다.
C:\Program Files (x86)\Microsoft DirectX SDK (June 2010)\Include\xnamath.h(2663,64): warning C4838: 'unsigned int'에서 'INT'(으)로의 변환에는 축소 변환이 필요합니다.
C:\Program Files (x86)\Microsoft DirectX SDK (June 2010)\Include\xnamath.h(2663,76): warning C4838: 'unsigned int'에서 'INT'(으)로의 변환에는 축소 변환이 필요합니다.
C:\Program Files (x86)\Microsoft DirectX SDK (June 2010)\Include\xnamath.h(2664,52): warning C4838: 'unsigned int'에서 'INT'(으)로의 변환에는 축소 변환이 필요합니다.
C:\Program Files (x86)\Microsoft DirectX SDK (June 2010)\Include\xnamath.h(2664,64): warning C4838: 'unsigned int'에서 'INT'(으)로의 변환에는 축소 변환이 필요합니다.
C:\Program Files (x86)\Microsoft DirectX SDK (June 2010)\Include\xnamath.h(2664,76): warning C4838: 'unsigned int'에서 'INT'(으)로의 변환에는 축소 변환이 필요합니다.
C:\Program Files (x86)\Microsoft DirectX SDK (June 2010)\Include\xnamath.h(2665,52): warning C4838: 'unsigned int'에서 'INT'(으)로의 변환에는 축소 변환이 필요합니다.
C:\Program Files (x86)\Microsoft DirectX SDK (June 2010)\Include\xnamath.h(2666,64): warning C4838: 'unsigned int'에서 'INT'(으)로의 변환에는 축소 변환이 필요합니다.
C:\Program Files (x86)\Microsoft DirectX SDK (June 2010)\Include\xnamath.h(2667,76): warning C4838: 'unsigned int'에서 'INT'(으)로의 변환에는 축소 변환이 필요합니다.
C:\Program Files (x86)\Microsoft DirectX SDK (June 2010)\Include\xnamath.h(2668,88): warning C4838: 'unsigned int'에서 'INT'(으)로의 변환에는 축소 변환이 필요합니다.
C:\Program Files (x86)\Microsoft DirectX SDK (June 2010)\Include\xnamath.h(2689,46): warning C4838: 'unsigned int'에서 'INT'(으)로의 변환에는 축소 변환이 필요합니다.
C:\Program Files (x86)\Microsoft DirectX SDK (June 2010)\Include\xnamath.h(2689,58): warning C4838: 'unsigned int'에서 'INT'(으)로의 변환에는 축소 변환이 필요합니다.
C:\Program Files (x86)\Microsoft DirectX SDK (June 2010)\Include\xnamath.h(2689,70): warning C4838: 'unsigned int'에서 'INT'(으)로의 변환에는 축소 변환이 필요합니다.
C:\Program Files (x86)\Microsoft DirectX SDK (June 2010)\Include\xnamath.h(2689,82): warning C4838: 'unsigned int'에서 'INT'(으)로의 변환에는 축소 변환이 필요합니다.
C:\Program Files (x86)\Microsoft DirectX SDK (June 2010)\Include\xnamath.h(2690,88): warning C4838: 'unsigned int'에서 'INT'(으)로의 변환에는 축소 변환이 필요합니다.
C:\Program Files (x86)\Microsoft DirectX SDK (June 2010)\Include\xnamath.h(2691,88): warning C4838: 'unsigned int'에서 'INT'(으)로의 변환에는 축소 변환이 필요합니다.
C:\Program Files (x86)\Microsoft DirectX SDK (June 2010)\Include\xnamath.h(2694,88): warning C4838: 'unsigned int'에서 'INT'(으)로의 변환에는 축소 변환이 필요합니다.
C:\Program Files (x86)\Microsoft DirectX SDK (June 2010)\Include\xnamath.h(2695,88): warning C4838: 'unsigned int'에서 'INT'(으)로의 변환에는 축소 변환이 필요합니다.
C:\Program Files (x86)\Microsoft DirectX SDK (June 2010)\Include\xnamath.h(2698,64): warning C4838: 'unsigned int'에서 'INT'(으)로의 변환에는 축소 변환이 필요합니다.
C:\Program Files (x86)\Microsoft DirectX SDK (June 2010)\Include\xnamath.h(2702,76): warning C4838: 'unsigned int'에서 'INT'(으)로의 변환에는 축소 변환이 필요합니다.
C:\Program Files (x86)\Microsoft DirectX SDK (June 2010)\Include\xnamath.h(2702,88): warning C4838: 'unsigned int'에서 'INT'(으)로의 변환에는 축소 변환이 필요합니다.
C:\Program Files (x86)\Microsoft DirectX SDK (June 2010)\Include\xnamath.h(2712,65): warning C4838: 'unsigned int'에서 'INT'(으)로의 변환에는 축소 변환이 필요합니다.
C:\Program Files (x86)\Microsoft DirectX SDK (June 2010)\Include\xnamath.h(2712,91): warning C4838: 'unsigned int'에서 'INT'(으)로의 변환에는 축소 변환이 필요합니다.
C:\Program Files (x86)\Microsoft DirectX SDK (June 2010)\Include\xnamath.h(2713,52): warning C4838: 'unsigned int'에서 'INT'(으)로의 변환에는 축소 변환이 필요합니다.
C:\Program Files (x86)\Microsoft DirectX SDK (June 2010)\Include\xnamath.h(2713,78): warning C4838: 'unsigned int'에서 'INT'(으)로의 변환에는 축소 변환이 필요합니다.
C:\Program Files (x86)\Microsoft DirectX SDK (June 2010)\Include\xnamath.h(2715,52): warning C4838: 'unsigned int'에서 'INT'(으)로의 변환에는 축소 변환이 필요합니다.
C:\Program Files (x86)\Microsoft DirectX SDK (June 2010)\Include\xnamath.h(2716,52): warning C4838: 'unsigned int'에서 'INT'(으)로의 변환에는 축소 변환이 필요합니다.
C:\Program Files (x86)\Microsoft DirectX SDK (June 2010)\Include\xnamath.h(2716,65): warning C4838: 'unsigned int'에서 'INT'(으)로의 변환에는 축소 변환이 필요합니다.
C:\Program Files (x86)\Microsoft DirectX SDK (June 2010)\Include\xnamath.h(2717,52): warning C4838: 'unsigned int'에서 'INT'(으)로의 변환에는 축소 변환이 필요합니다.
C:\Program Files (x86)\Microsoft DirectX SDK (June 2010)\Include\xnamath.h(2717,65): warning C4838: 'unsigned int'에서 'INT'(으)로의 변환에는 축소 변환이 필요합니다.
C:\Program Files (x86)\Microsoft DirectX SDK (June 2010)\Include\xnamath.h(2717,78): warning C4838: 'unsigned int'에서 'INT'(으)로의 변환에는 축소 변환이 필요합니다.
C:\Program Files (x86)\Microsoft DirectX SDK (June 2010)\Include\xnamath.h(2727,54): warning C4838: 'unsigned int'에서 'INT'(으)로의 변환에는 축소 변환이 필요합니다.
C:\Program Files (x86)\Microsoft DirectX SDK (June 2010)\Include\xnamath.h(2728,56): warning C4838: 'unsigned int'에서 'INT'(으)로의 변환에는 축소 변환이 필요합니다.
C:\Program Files (x86)\Microsoft DirectX SDK (June 2010)\Include\xnamath.h(2729,58): warning C4838: 'unsigned int'에서 'INT'(으)로의 변환에는 축소 변환이 필요합니다.
C:\Program Files (x86)\Microsoft DirectX SDK (June 2010)\Include\xnamath.h(2730,54): warning C4838: 'unsigned int'에서 'INT'(으)로의 변환에는 축소 변환이 필요합니다.
C:\Program Files (x86)\Microsoft DirectX SDK (June 2010)\Include\xnamath.h(2730,65): warning C4838: 'unsigned int'에서 'INT'(으)로의 변환에는 축소 변환이 필요합니다.
C:\Program Files (x86)\Microsoft DirectX SDK (June 2010)\Include\xnamath.h(2731,56): warning C4838: 'unsigned int'에서 'INT'(으)로의 변환에는 축소 변환이 필요합니다.
C:\Program Files (x86)\Microsoft DirectX SDK (June 2010)\Include\xnamath.h(2731,67): warning C4838: 'unsigned int'에서 'INT'(으)로의 변환에는 축소 변환이 필요합니다.
C:\Program Files (x86)\Microsoft DirectX SDK (June 2010)\Include\xnamath.h(2732,54): warning C4838: 'unsigned int'에서 'INT'(으)로의 변환에는 축소 변환이 필요합니다.
C:\Program Files (x86)\Microsoft DirectX SDK (June 2010)\Include\xnamath.h(2732,67): warning C4838: 'unsigned int'에서 'INT'(으)로의 변환에는 축소 변환이 필요합니다.
C:\Program Files (x86)\Microsoft DirectX SDK (June 2010)\Include\xnamath.h(2742,60): warning C4838: 'unsigned int'에서 'INT'(으)로의 변환에는 축소 변환이 필요합니다.
C:\Program Files (x86)\Microsoft DirectX SDK (June 2010)\Include\xnamath.h(2742,79): warning C4838: 'unsigned int'에서 'INT'(으)로의 변환에는 축소 변환이 필요합니다.
C:\Program Files (x86)\Microsoft DirectX SDK (June 2010)\Include\xnamath.h(2743,70): warning C4838: 'unsigned int'에서 'INT'(으)로의 변환에는 축소 변환이 필요합니다.
C:\Program Files (x86)\Microsoft DirectX SDK (June 2010)\Include\xnamath.h(2754,73): warning C4838: 'unsigned int'에서 'INT'(으)로의 변환에는 축소 변환이 필요합니다.
C:\Program Files (x86)\Microsoft DirectX SDK (June 2010)\Include\xnamathconvert.inl(2254,71): warning C4838: 'unsigned int'에서 'INT'(으)로의 변환에는 축소 변환이 필요합니다.
C:\Program Files (x86)\Microsoft DirectX SDK (June 2010)\Include\xnamathconvert.inl(4523,69): warning C4838: 'unsigned int'에서 'INT'(으)로의 변환에는 축소 변환이 필요합니다.
C:\Program Files (x86)\Microsoft DirectX SDK (June 2010)\Include\xnamathconvert.inl(4577,68): warning C4838: 'unsigned int'에서 'INT'(으)로의 변환에는 축소 변환이 필요합니다.
C:\Program Files (x86)\Microsoft DirectX SDK (June 2010)\Include\xnamathconvert.inl(4639,65): warning C4838: 'unsigned int'에서 'INT'(으)로의 변환에는 축소 변환이 필요합니다.
C:\Program Files (x86)\Microsoft DirectX SDK (June 2010)\Include\xnamathconvert.inl(4707,64): warning C4838: 'unsigned int'에서 'INT'(으)로의 변환에는 축소 변환이 필요합니다.
C:\Program Files (x86)\Microsoft DirectX SDK (June 2010)\Include\xnamathconvert.inl(4770,64): warning C4838: 'unsigned int'에서 'INT'(으)로의 변환에는 축소 변환이 필요합니다.
C:\Program Files (x86)\Microsoft DirectX SDK (June 2010)\Include\xnamathconvert.inl(4832,63): warning C4838: 'unsigned int'에서 'INT'(으)로의 변환에는 축소 변환이 필요합니다.
C:\Program Files (x86)\Microsoft DirectX SDK (June 2010)\Include\xnamathvector.inl(1269,45): warning C4838: 'unsigned int'에서 'INT'(으)로의 변환에는 축소 변환이 필요합니다.
C:\Program Files (x86)\Microsoft DirectX SDK (June 2010)\Include\xnamathvector.inl(1269,56): warning C4838: 'unsigned int'에서 'INT'(으)로의 변환에는 축소 변환이 필요합니다.
C:\Program Files (x86)\Microsoft DirectX SDK (June 2010)\Include\xnamathvector.inl(1269,67): warning C4838: 'unsigned int'에서 'INT'(으)로의 변환에는 축소 변환이 필요합니다.
C:\Program Files (x86)\Microsoft DirectX SDK (June 2010)\Include\xnamathvector.inl(1269,78): warning C4838: 'unsigned int'에서 'INT'(으)로의 변환에는 축소 변환이 필요합니다.
C:\Program Files (x86)\Microsoft DirectX SDK (June 2010)\Include\xnamathmisc.inl(518,43): warning C4838: 'unsigned int'에서 'INT'(으)로의 변환에는 축소 변환이 필요합니다.
C:\Program Files (x86)\Microsoft DirectX SDK (June 2010)\Include\xnamathmisc.inl(519,40): warning C4838: 'unsigned int'에서 'INT'(으)로의 변환에는 축소 변환이 필요합니다.
C:\Program Files (x86)\Microsoft DirectX SDK (June 2010)\Include\xnamathmisc.inl(519,51): warning C4838: 'unsigned int'에서 'INT'(으)로의 변환에는 축소 변환이 필요합니다.
  d3dUtil.cpp
C:\Program Files (x86)\Microsoft DirectX SDK (June 2010)\Include\xnamath.h(2662,52): warning C4838: 'unsigned int'에서 'INT'(으)로의 변환에는 축소 변환이 필요합니다.
C:\Program Files (x86)\Microsoft DirectX SDK (June 2010)\Include\xnamath.h(2662,64): warning C4838: 'unsigned int'에서 'INT'(으)로의 변환에는 축소 변환이 필요합니다.
C:\Program Files (x86)\Microsoft DirectX SDK (June 2010)\Include\xnamath.h(2662,76): warning C4838: 'unsigned int'에서 'INT'(으)로의 변환에는 축소 변환이 필요합니다.
C:\Program Files (x86)\Microsoft DirectX SDK (June 2010)\Include\xnamath.h(2662,88): warning C4838: 'unsigned int'에서 'INT'(으)로의 변환에는 축소 변환이 필요합니다.
C:\Program Files (x86)\Microsoft DirectX SDK (June 2010)\Include\xnamath.h(2663,52): warning C4838: 'unsigned int'에서 'INT'(으)로의 변환에는 축소 변환이 필요합니다.
C:\Program Files (x86)\Microsoft DirectX SDK (June 2010)\Include\xnamath.h(2663,64): warning C4838: 'unsigned int'에서 'INT'(으)로의 변환에는 축소 변환이 필요합니다.
C:\Program Files (x86)\Microsoft DirectX SDK (June 2010)\Include\xnamath.h(2663,76): warning C4838: 'unsigned int'에서 'INT'(으)로의 변환에는 축소 변환이 필요합니다.
C:\Program Files (x86)\Microsoft DirectX SDK (June 2010)\Include\xnamath.h(2664,52): warning C4838: 'unsigned int'에서 'INT'(으)로의 변환에는 축소 변환이 필요합니다.
C:\Program Files (x86)\Microsoft DirectX SDK (June 2010)\Include\xnamath.h(2664,64): warning C4838: 'unsigned int'에서 'INT'(으)로의 변환에는 축소 변환이 필요합니다.
C:\Program Files (x86)\Microsoft DirectX SDK (June 2010)\Include\xnamath.h(2664,76): warning C4838: 'unsigned int'에서 'INT'(으)로의 변환에는 축소 변환이 필요합니다.
C:\Program Files (x86)\Microsoft DirectX SDK (June 2010)\Include\xnamath.h(2665,52): warning C4838: 'unsigned int'에서 'INT'(으)로의 변환에는 축소 변환이 필요합니다.
C:\Program Files (x86)\Microsoft DirectX SDK (June 2010)\Include\xnamath.h(2666,64): warning C4838: 'unsigned int'에서 'INT'(으)로의 변환에는 축소 변환이 필요합니다.
C:\Program Files (x86)\Microsoft DirectX SDK (June 2010)\Include\xnamath.h(2667,76): warning C4838: 'unsigned int'에서 'INT'(으)로의 변환에는 축소 변환이 필요합니다.
C:\Program Files (x86)\Microsoft DirectX SDK (June 2010)\Include\xnamath.h(2668,88): warning C4838: 'unsigned int'에서 'INT'(으)로의 변환에는 축소 변환이 필요합니다.
C:\Program Files (x86)\Microsoft DirectX SDK (June 2010)\Include\xnamath.h(2689,46): warning C4838: 'unsigned int'에서 'INT'(으)로의 변환에는 축소 변환이 필요합니다.
C:\Program Files (x86)\Microsoft DirectX SDK (June 2010)\Include\xnamath.h(2689,58): warning C4838: 'unsigned int'에서 'INT'(으)로의 변환에는 축소 변환이 필요합니다.
C:\Program Files (x86)\Microsoft DirectX SDK (June 2010)\Include\xnamath.h(2689,70): warning C4838: 'unsigned int'에서 'INT'(으)로의 변환에는 축소 변환이 필요합니다.
C:\Program Files (x86)\Microsoft DirectX SDK (June 2010)\Include\xnamath.h(2689,82): warning C4838: 'unsigned int'에서 'INT'(으)로의 변환에는 축소 변환이 필요합니다.
C:\Program Files (x86)\Microsoft DirectX SDK (June 2010)\Include\xnamath.h(2690,88): warning C4838: 'unsigned int'에서 'INT'(으)로의 변환에는 축소 변환이 필요합니다.
C:\Program Files (x86)\Microsoft DirectX SDK (June 2010)\Include\xnamath.h(2691,88): warning C4838: 'unsigned int'에서 'INT'(으)로의 변환에는 축소 변환이 필요합니다.
C:\Program Files (x86)\Microsoft DirectX SDK (June 2010)\Include\xnamath.h(2694,88): warning C4838: 'unsigned int'에서 'INT'(으)로의 변환에는 축소 변환이 필요합니다.
C:\Program Files (x86)\Microsoft DirectX SDK (June 2010)\Include\xnamath.h(2695,88): warning C4838: 'unsigned int'에서 'INT'(으)로의 변환에는 축소 변환이 필요합니다.
C:\Program Files (x86)\Microsoft DirectX SDK (June 2010)\Include\xnamath.h(2698,64): warning C4838: 'unsigned int'에서 'INT'(으)로의 변환에는 축소 변환이 필요합니다.
C:\Program Files (x86)\Microsoft DirectX SDK (June 2010)\Include\xnamath.h(2702,76): warning C4838: 'unsigned int'에서 'INT'(으)로의 변환에는 축소 변환이 필요합니다.
C:\Program Files (x86)\Microsoft DirectX SDK (June 2010)\Include\xnamath.h(2702,88): warning C4838: 'unsigned int'에서 'INT'(으)로의 변환에는 축소 변환이 필요합니다.
C:\Program Files (x86)\Microsoft DirectX SDK (June 2010)\Include\xnamath.h(2712,65): warning C4838: 'unsigned int'에서 'INT'(으)로의 변환에는 축소 변환이 필요합니다.
C:\Program Files (x86)\Microsoft DirectX SDK (June 2010)\Include\xnamath.h(2712,91): warning C4838: 'unsigned int'에서 'INT'(으)로의 변환에는 축소 변환이 필요합니다.
C:\Program Files (x86)\Microsoft DirectX SDK (June 2010)\Include\xnamath.h(2713,52): warning C4838: 'unsigned int'에서 'INT'(으)로의 변환에는 축소 변환이 필요합니다.
C:\Program Files (x86)\Microsoft DirectX SDK (June 2010)\Include\xnamath.h(2713,78): warning C4838: 'unsigned int'에서 'INT'(으)로의 변환에는 축소 변환이 필요합니다.
C:\Program Files (x86)\Microsoft DirectX SDK (June 2010)\Include\xnamath.h(2715,52): warning C4838: 'unsigned int'에서 'INT'(으)로의 변환에는 축소 변환이 필요합니다.
C:\Program Files (x86)\Microsoft DirectX SDK (June 2010)\Include\xnamath.h(2716,52): warning C4838: 'unsigned int'에서 'INT'(으)로의 변환에는 축소 변환이 필요합니다.
C:\Program Files (x86)\Microsoft DirectX SDK (June 2010)\Include\xnamath.h(2716,65): warning C4838: 'unsigned int'에서 'INT'(으)로의 변환에는 축소 변환이 필요합니다.
C:\Program Files (x86)\Microsoft DirectX SDK (June 2010)\Include\xnamath.h(2717,52): warning C4838: 'unsigned int'에서 'INT'(으)로의 변환에는 축소 변환이 필요합니다.
C:\Program Files (x86)\Microsoft DirectX SDK (June 2010)\Include\xnamath.h(2717,65): warning C4838: 'unsigned int'에서 'INT'(으)로의 변환에는 축소 변환이 필요합니다.
C:\Program Files (x86)\Microsoft DirectX SDK (June 2010)\Include\xnamath.h(2717,78): warning C4838: 'unsigned int'에서 'INT'(으)로의 변환에는 축소 변환이 필요합니다.
C:\Program Files (x86)\Microsoft DirectX SDK (June 2010)\Include\xnamath.h(2727,54): warning C4838: 'unsigned int'에서 'INT'(으)로의 변환에는 축소 변환이 필요합니다.
C:\Program Files (x86)\Microsoft DirectX SDK (June 2010)\Include\xnamath.h(2728,56): warning C4838: 'unsigned int'에서 'INT'(으)로의 변환에는 축소 변환이 필요합니다.
C:\Program Files (x86)\Microsoft DirectX SDK (June 2010)\Include\xnamath.h(2729,58): warning C4838: 'unsigned int'에서 'INT'(으)로의 변환에는 축소 변환이 필요합니다.
C:\Program Files (x86)\Microsoft DirectX SDK (June 2010)\Include\xnamath.h(2730,54): warning C4838: 'unsigned int'에서 'INT'(으)로의 변환에는 축소 변환이 필요합니다.
C:\Program Files (x86)\Microsoft DirectX SDK (June 2010)\Include\xnamath.h(2730,65): warning C4838: 'unsigned int'에서 'INT'(으)로의 변환에는 축소 변환이 필요합니다.
C:\Program Files (x86)\Microsoft DirectX SDK (June 2010)\Include\xnamath.h(2731,56): warning C4838: 'unsigned int'에서 'INT'(으)로의 변환에는 축소 변환이 필요합니다.
C:\Program Files (x86)\Microsoft DirectX SDK (June 2010)\Include\xnamath.h(2731,67): warning C4838: 'unsigned int'에서 'INT'(으)로의 변환에는 축소 변환이 필요합니다.
C:\Program Files (x86)\Microsoft DirectX SDK (June 2010)\Include\xnamath.h(2732,54): warning C4838: 'unsigned int'에서 'INT'(으)로의 변환에는 축소 변환이 필요합니다.
C:\Program Files (x86)\Microsoft DirectX SDK (June 2010)\Include\xnamath.h(2732,67): warning C4838: 'unsigned int'에서 'INT'(으)로의 변환에는 축소 변환이 필요합니다.
C:\Program Files (x86)\Microsoft DirectX SDK (June 2010)\Include\xnamath.h(2742,60): warning C4838: 'unsigned int'에서 'INT'(으)로의 변환에는 축소 변환이 필요합니다.
C:\Program Files (x86)\Microsoft DirectX SDK (June 2010)\Include\xnamath.h(2742,79): warning C4838: 'unsigned int'에서 'INT'(으)로의 변환에는 축소 변환이 필요합니다.
C:\Program Files (x86)\Microsoft DirectX SDK (June 2010)\Include\xnamath.h(2743,70): warning C4838: 'unsigned int'에서 'INT'(으)로의 변환에는 축소 변환이 필요합니다.
C:\Program Files (x86)\Microsoft DirectX SDK (June 2010)\Include\xnamath.h(2754,73): warning C4838: 'unsigned int'에서 'INT'(으)로의 변환에는 축소 변환이 필요합니다.
C:\Program Files (x86)\Microsoft DirectX SDK (June 2010)\Include\xnamathconvert.inl(2254,71): warning C4838: 'unsigned int'에서 'INT'(으)로의 변환에는 축소 변환이 필요합니다.
C:\Program Files (x86)\Microsoft DirectX SDK (June 2010)\Include\xnamathconvert.inl(4523,69): warning C4838: 'unsigned int'에서 'INT'(으)로의 변환에는 축소 변환이 필요합니다.
C:\Program Files (x86)\Microsoft DirectX SDK (June 2010)\Include\xnamathconvert.inl(4577,68): warning C4838: 'unsigned int'에서 'INT'(으)로의 변환에는 축소 변환이 필요합니다.
C:\Program Files (x86)\Microsoft DirectX SDK (June 2010)\Include\xnamathconvert.inl(4639,65): warning C4838: 'unsigned int'에서 'INT'(으)로의 변환에는 축소 변환이 필요합니다.
C:\Program Files (x86)\Microsoft DirectX SDK (June 2010)\Include\xnamathconvert.inl(4707,64): warning C4838: 'unsigned int'에서 'INT'(으)로의 변환에는 축소 변환이 필요합니다.
C:\Program Files (x86)\Microsoft DirectX SDK (June 2010)\Include\xnamathconvert.inl(4770,64): warning C4838: 'unsigned int'에서 'INT'(으)로의 변환에는 축소 변환이 필요합니다.
C:\Program Files (x86)\Microsoft DirectX SDK (June 2010)\Include\xnamathconvert.inl(4832,63): warning C4838: 'unsigned int'에서 'INT'(으)로의 변환에는 축소 변환이 필요합니다.
C:\Program Files (x86)\Microsoft DirectX SDK (June 2010)\Include\xnamathvector.inl(1269,45): warning C4838: 'unsigned int'에서 'INT'(으)로의 변환에는 축소 변환이 필요합니다.
C:\Program Files (x86)\Microsoft DirectX SDK (June 2010)\Include\xnamathvector.inl(1269,56): warning C4838: 'unsigned int'에서 'INT'(으)로의 변환에는 축소 변환이 필요합니다.
C:\Program Files (x86)\Microsoft DirectX SDK (June 2010)\Include\xnamathvector.inl(1269,67): warning C4838: 'unsigned int'에서 'INT'(으)로의 변환에는 축소 변환이 필요합니다.
C:\Program Files (x86)\Microsoft DirectX SDK (June 2010)\Include\xnamathvector.inl(1269,78): warning C4838: 'unsigned int'에서 'INT'(으)로의 변환에는 축소 변환이 필요합니다.
C:\Program Files (x86)\Microsoft DirectX SDK (June 2010)\Include\xnamathmisc.inl(518,43): warning C4838: 'unsigned int'에서 'INT'(으)로의 변환에는 축소 변환이 필요합니다.
C:\Program Files (x86)\Microsoft DirectX SDK (June 2010)\Include\xnamathmisc.inl(519,40): warning C4838: 'unsigned int'에서 'INT'(으)로의 변환에는 축소 변환이 필요합니다.
C:\Program Files (x86)\Microsoft DirectX SDK (June 2010)\Include\xnamathmisc.inl(519,51): warning C4838: 'unsigned int'에서 'INT'(으)로의 변환에는 축소 변환이 필요합니다.
  GeometryGenerator.cpp
C:\Program Files (x86)\Microsoft DirectX SDK (June 2010)\Include\xnamath.h(2662,52): warning C4838: 'unsigned int'에서 'INT'(으)로의 변환에는 축소 변환이 필요합니다.
C:\Program Files (x86)\Microsoft DirectX SDK (June 2010)\Include\xnamath.h(2662,64): warning C4838: 'unsigned int'에서 'INT'(으)로의 변환에는 축소 변환이 필요합니다.
C:\Program Files (x86)\Microsoft DirectX SDK (June 2010)\Include\xnamath.h(2662,76): warning C4838: 'unsigned int'에서 'INT'(으)로의 변환에는 축소 변환이 필요합니다.
C:\Program Files (x86)\Microsoft DirectX SDK (June 2010)\Include\xnamath.h(2662,88): warning C4838: 'unsigned int'에서 'INT'(으)로의 변환에는 축소 변환이 필요합니다.
C:\Program Files (x86)\Microsoft DirectX SDK (June 2010)\Include\xnamath.h(2663,52): warning C4838: 'unsigned int'에서 'INT'(으)로의 변환에는 축소 변환이 필요합니다.
C:\Program Files (x86)\Microsoft DirectX SDK (June 2010)\Include\xnamath.h(2663,64): warning C4838: 'unsigned int'에서 'INT'(으)로의 변환에는 축소 변환이 필요합니다.
C:\Program Files (x86)\Microsoft DirectX SDK (June 2010)\Include\xnamath.h(2663,76): warning C4838: 'unsigned int'에서 'INT'(으)로의 변환에는 축소 변환이 필요합니다.
C:\Program Files (x86)\Microsoft DirectX SDK (June 2010)\Include\xnamath.h(2664,52): warning C4838: 'unsigned int'에서 'INT'(으)로의 변환에는 축소 변환이 필요합니다.
C:\Program Files (x86)\Microsoft DirectX SDK (June 2010)\Include\xnamath.h(2664,64): warning C4838: 'unsigned int'에서 'INT'(으)로의 변환에는 축소 변환이 필요합니다.
C:\Program Files (x86)\Microsoft DirectX SDK (June 2010)\Include\xnamath.h(2664,76): warning C4838: 'unsigned int'에서 'INT'(으)로의 변환에는 축소 변환이 필요합니다.
C:\Program Files (x86)\Microsoft DirectX SDK (June 2010)\Include\xnamath.h(2665,52): warning C4838: 'unsigned int'에서 'INT'(으)로의 변환에는 축소 변환이 필요합니다.
C:\Program Files (x86)\Microsoft DirectX SDK (June 2010)\Include\xnamath.h(2666,64): warning C4838: 'unsigned int'에서 'INT'(으)로의 변환에는 축소 변환이 필요합니다.
C:\Program Files (x86)\Microsoft DirectX SDK (June 2010)\Include\xnamath.h(2667,76): warning C4838: 'unsigned int'에서 'INT'(으)로의 변환에는 축소 변환이 필요합니다.
C:\Program Files (x86)\Microsoft DirectX SDK (June 2010)\Include\xnamath.h(2668,88): warning C4838: 'unsigned int'에서 'INT'(으)로의 변환에는 축소 변환이 필요합니다.
C:\Program Files (x86)\Microsoft DirectX SDK (June 2010)\Include\xnamath.h(2689,46): warning C4838: 'unsigned int'에서 'INT'(으)로의 변환에는 축소 변환이 필요합니다.
C:\Program Files (x86)\Microsoft DirectX SDK (June 2010)\Include\xnamath.h(2689,58): warning C4838: 'unsigned int'에서 'INT'(으)로의 변환에는 축소 변환이 필요합니다.
C:\Program Files (x86)\Microsoft DirectX SDK (June 2010)\Include\xnamath.h(2689,70): warning C4838: 'unsigned int'에서 'INT'(으)로의 변환에는 축소 변환이 필요합니다.
C:\Program Files (x86)\Microsoft DirectX SDK (June 2010)\Include\xnamath.h(2689,82): warning C4838: 'unsigned int'에서 'INT'(으)로의 변환에는 축소 변환이 필요합니다.
C:\Program Files (x86)\Microsoft DirectX SDK (June 2010)\Include\xnamath.h(2690,88): warning C4838: 'unsigned int'에서 'INT'(으)로의 변환에는 축소 변환이 필요합니다.
C:\Program Files (x86)\Microsoft DirectX SDK (June 2010)\Include\xnamath.h(2691,88): warning C4838: 'unsigned int'에서 'INT'(으)로의 변환에는 축소 변환이 필요합니다.
C:\Program Files (x86)\Microsoft DirectX SDK (June 2010)\Include\xnamath.h(2694,88): warning C4838: 'unsigned int'에서 'INT'(으)로의 변환에는 축소 변환이 필요합니다.
C:\Program Files (x86)\Microsoft DirectX SDK (June 2010)\Include\xnamath.h(2695,88): warning C4838: 'unsigned int'에서 'INT'(으)로의 변환에는 축소 변환이 필요합니다.
C:\Program Files (x86)\Microsoft DirectX SDK (June 2010)\Include\xnamath.h(2698,64): warning C4838: 'unsigned int'에서 'INT'(으)로의 변환에는 축소 변환이 필요합니다.
C:\Program Files (x86)\Microsoft DirectX SDK (June 2010)\Include\xnamath.h(2702,76): warning C4838: 'unsigned int'에서 'INT'(으)로의 변환에는 축소 변환이 필요합니다.
C:\Program Files (x86)\Microsoft DirectX SDK (June 2010)\Include\xnamath.h(2702,88): warning C4838: 'unsigned int'에서 'INT'(으)로의 변환에는 축소 변환이 필요합니다.
C:\Program Files (x86)\Microsoft DirectX SDK (June 2010)\Include\xnamath.h(2712,65): warning C4838: 'unsigned int'에서 'INT'(으)로의 변환에는 축소 변환이 필요합니다.
C:\Program Files (x86)\Microsoft DirectX SDK (June 2010)\Include\xnamath.h(2712,91): warning C4838: 'unsigned int'에서 'INT'(으)로의 변환에는 축소 변환이 필요합니다.
C:\Program Files (x86)\Microsoft DirectX SDK (June 2010)\Include\xnamath.h(2713,52): warning C4838: 'unsigned int'에서 'INT'(으)로의 변환에는 축소 변환이 필요합니다.
C:\Program Files (x86)\Microsoft DirectX SDK (June 2010)\Include\xnamath.h(2713,78): warning C4838: 'unsigned int'에서 'INT'(으)로의 변환에는 축소 변환이 필요합니다.
C:\Program Files (x86)\Microsoft DirectX SDK (June 2010)\Include\xnamath.h(2715,52): warning C4838: 'unsigned int'에서 'INT'(으)로의 변환에는 축소 변환이 필요합니다.
C:\Program Files (x86)\Microsoft DirectX SDK (June 2010)\Include\xnamath.h(2716,52): warning C4838: 'unsigned int'에서 'INT'(으)로의 변환에는 축소 변환이 필요합니다.
C:\Program Files (x86)\Microsoft DirectX SDK (June 2010)\Include\xnamath.h(2716,65): warning C4838: 'unsigned int'에서 'INT'(으)로의 변환에는 축소 변환이 필요합니다.
C:\Program Files (x86)\Microsoft DirectX SDK (June 2010)\Include\xnamath.h(2717,52): warning C4838: 'unsigned int'에서 'INT'(으)로의 변환에는 축소 변환이 필요합니다.
C:\Program Files (x86)\Microsoft DirectX SDK (June 2010)\Include\xnamath.h(2717,65): warning C4838: 'unsigned int'에서 'INT'(으)로의 변환에는 축소 변환이 필요합니다.
C:\Program Files (x86)\Microsoft DirectX SDK (June 2010)\Include\xnamath.h(2717,78): warning C4838: 'unsigned int'에서 'INT'(으)로의 변환에는 축소 변환이 필요합니다.
C:\Program Files (x86)\Microsoft DirectX SDK (June 2010)\Include\xnamath.h(2727,54): warning C4838: 'unsigned int'에서 'INT'(으)로의 변환에는 축소 변환이 필요합니다.
C:\Program Files (x86)\Microsoft DirectX SDK (June 2010)\Include\xnamath.h(2728,56): warning C4838: 'unsigned int'에서 'INT'(으)로의 변환에는 축소 변환이 필요합니다.
C:\Program Files (x86)\Microsoft DirectX SDK (June 2010)\Include\xnamath.h(2729,58): warning C4838: 'unsigned int'에서 'INT'(으)로의 변환에는 축소 변환이 필요합니다.
C:\Program Files (x86)\Microsoft DirectX SDK (June 2010)\Include\xnamath.h(2730,54): warning C4838: 'unsigned int'에서 'INT'(으)로의 변환에는 축소 변환이 필요합니다.
C:\Program Files (x86)\Microsoft DirectX SDK (June 2010)\Include\xnamath.h(2730,65): warning C4838: 'unsigned int'에서 'INT'(으)로의 변환에는 축소 변환이 필요합니다.
C:\Program Files (x86)\Microsoft DirectX SDK (June 2010)\Include\xnamath.h(2731,56): warning C4838: 'unsigned int'에서 'INT'(으)로의 변환에는 축소 변환이 필요합니다.
C:\Program Files (x86)\Microsoft DirectX SDK (June 2010)\Include\xnamath.h(2731,67): warning C4838: 'unsigned int'에서 'INT'(으)로의 변환에는 축소 변환이 필요합니다.
C:\Program Files (x86)\Microsoft DirectX SDK (June 2010)\Include\xnamath.h(2732,54): warning C4838: 'unsigned int'에서 'INT'(으)로의 변환에는 축소 변환이 필요합니다.
C:\Program Files (x86)\Microsoft DirectX SDK (June 2010)\Include\xnamath.h(2732,67): warning C4838: 'unsigned int'에서 'INT'(으)로의 변환에는 축소 변환이 필요합니다.
C:\Program Files (x86)\Microsoft DirectX SDK (June 2010)\Include\xnamath.h(2742,60): warning C4838: 'unsigned int'에서 'INT'(으)로의 변환에는 축소 변환이 필요합니다.
C:\Program Files (x86)\Microsoft DirectX SDK (June 2010)\Include\xnamath.h(2742,79): warning C4838: 'unsigned int'에서 'INT'(으)로의 변환에는 축소 변환이 필요합니다.
C:\Program Files (x86)\Microsoft DirectX SDK (June 2010)\Include\xnamath.h(2743,70): warning C4838: 'unsigned int'에서 'INT'(으)로의 변환에는 축소 변환이 필요합니다.
C:\Program Files (x86)\Microsoft DirectX SDK (June 2010)\Include\xnamath.h(2754,73): warning C4838: 'unsigned int'에서 'INT'(으)로의 변환에는 축소 변환이 필요합니다.
C:\Program Files (x86)\Microsoft DirectX SDK (June 2010)\Include\xnamathconvert.inl(2254,71): warning C4838: 'unsigned int'에서 'INT'(으)로의 변환에는 축소 변환이 필요합니다.
C:\Program Files (x86)\Microsoft DirectX SDK (June 2010)\Include\xnamathconvert.inl(4523,69): warning C4838: 'unsigned int'에서 'INT'(으)로의 변환에는 축소 변환이 필요합니다.
C:\Program Files (x86)\Microsoft DirectX SDK (June 2010)\Include\xnamathconvert.inl(4577,68): warning C4838: 'unsigned int'에서 'INT'(으)로의 변환에는 축소 변환이 필요합니다.
C:\Program Files (x86)\Microsoft DirectX SDK (June 2010)\Include\xnamathconvert.inl(4639,65): warning C4838: 'unsigned int'에서 'INT'(으)로의 변환에는 축소 변환이 필요합니다.
C:\Program Files (x86)\Microsoft DirectX SDK (June 2010)\Include\xnamathconvert.inl(4707,64): warning C4838: 'unsigned int'에서 'INT'(으)로의 변환에는 축소 변환이 필요합니다.
C:\Program Files (x86)\Microsoft DirectX SDK (June 2010)\Include\xnamathconvert.inl(4770,64): warning C4838: 'unsigned int'에서 'INT'(으)로의 변환에는 축소 변환이 필요합니다.
C:\Program Files (x86)\Microsoft DirectX SDK (June 2010)\Include\xnamathconvert.inl(4832,63): warning C4838: 'unsigned int'에서 'INT'(으)로의 변환에는 축소 변환이 필요합니다.
C:\Program Files (x86)\Microsoft DirectX SDK (June 2010)\Include\xnamathvector.inl(1269,45): warning C4838: 'unsigned int'에서 'INT'(으)로의 변환에는 축소 변환이 필요합니다.
C:\Program Files (x86)\Microsoft DirectX SDK (June 2010)\Include\xnamathvector.inl(1269,56): warning C4838: 'unsigned int'에서 'INT'(으)로의 변환에는 축소 변환이 필요합니다.
C:\Program Files (x86)\Microsoft DirectX SDK (June 2010)\Include\xnamathvector.inl(1269,67): warning C4838: 'unsigned int'에서 'INT'(으)로의 변환에는 축소 변환이 필요합니다.
C:\Program Files (x86)\Microsoft DirectX SDK (June 2010)\Include\xnamathvector.inl(1269,78): warning C4838: 'unsigned int'에서 'INT'(으)로의 변환에는 축소 변환이 필요합니다.
C:\Program Files (x86)\Microsoft DirectX SDK (June 2010)\Include\xnamathmisc.inl(518,43): warning C4838: 'unsigned int'에서 'INT'(으)로의 변환에는 축소 변환이 필요합니다.
C:\Program Files (x86)\Microsoft DirectX SDK (June 2010)\Include\xnamathmisc.inl(519,40): warning C4838: 'unsigned int'에서 'INT'(으)로의 변환에는 축소 변환이 필요합니다.
C:\Program Files (x86)\Microsoft DirectX SDK (June 2010)\Include\xnamathmisc.inl(519,51): warning C4838: 'unsigned int'에서 'INT'(으)로의 변환에는 축소 변환이 필요합니다.
  LightHelper.cpp
C:\Program Files (x86)\Microsoft DirectX SDK (June 2010)\Include\xnamath.h(2662,52): warning C4838: 'unsigned int'에서 'INT'(으)로의 변환에는 축소 변환이 필요합니다.
C:\Program Files (x86)\Microsoft DirectX SDK (June 2010)\Include\xnamath.h(2662,64): warning C4838: 'unsigned int'에서 'INT'(으)로의 변환에는 축소 변환이 필요합니다.
C:\Program Files (x86)\Microsoft DirectX SDK (June 2010)\Include\xnamath.h(2662,76): warning C4838: 'unsigned int'에서 'INT'(으)로의 변환에는 축소 변환이 필요합니다.
C:\Program Files (x86)\Microsoft DirectX SDK (June 2010)\Include\xnamath.h(2662,88): warning C4838: 'unsigned int'에서 'INT'(으)로의 변환에는 축소 변환이 필요합니다.
C:\Program Files (x86)\Microsoft DirectX SDK (June 2010)\Include\xnamath.h(2663,52): warning C4838: 'unsigned int'에서 'INT'(으)로의 변환에는 축소 변환이 필요합니다.
C:\Program Files (x86)\Microsoft DirectX SDK (June 2010)\Include\xnamath.h(2663,64): warning C4838: 'unsigned int'에서 'INT'(으)로의 변환에는 축소 변환이 필요합니다.
C:\Program Files (x86)\Microsoft DirectX SDK (June 2010)\Include\xnamath.h(2663,76): warning C4838: 'unsigned int'에서 'INT'(으)로의 변환에는 축소 변환이 필요합니다.
C:\Program Files (x86)\Microsoft DirectX SDK (June 2010)\Include\xnamath.h(2664,52): warning C4838: 'unsigned int'에서 'INT'(으)로의 변환에는 축소 변환이 필요합니다.
C:\Program Files (x86)\Microsoft DirectX SDK (June 2010)\Include\xnamath.h(2664,64): warning C4838: 'unsigned int'에서 'INT'(으)로의 변환에는 축소 변환이 필요합니다.
C:\Program Files (x86)\Microsoft DirectX SDK (June 2010)\Include\xnamath.h(2664,76): warning C4838: 'unsigned int'에서 'INT'(으)로의 변환에는 축소 변환이 필요합니다.
C:\Program Files (x86)\Microsoft DirectX SDK (June 2010)\Include\xnamath.h(2665,52): warning C4838: 'unsigned int'에서 'INT'(으)로의 변환에는 축소 변환이 필요합니다.
C:\Program Files (x86)\Microsoft DirectX SDK (June 2010)\Include\xnamath.h(2666,64): warning C4838: 'unsigned int'에서 'INT'(으)로의 변환에는 축소 변환이 필요합니다.
C:\Program Files (x86)\Microsoft DirectX SDK (June 2010)\Include\xnamath.h(2667,76): warning C4838: 'unsigned int'에서 'INT'(으)로의 변환에는 축소 변환이 필요합니다.
C:\Program Files (x86)\Microsoft DirectX SDK (June 2010)\Include\xnamath.h(2668,88): warning C4838: 'unsigned int'에서 'INT'(으)로의 변환에는 축소 변환이 필요합니다.
C:\Program Files (x86)\Microsoft DirectX SDK (June 2010)\Include\xnamath.h(2689,46): warning C4838: 'unsigned int'에서 'INT'(으)로의 변환에는 축소 변환이 필요합니다.
C:\Program Files (x86)\Microsoft DirectX SDK (June 2010)\Include\xnamath.h(2689,58): warning C4838: 'unsigned int'에서 'INT'(으)로의 변환에는 축소 변환이 필요합니다.
C:\Program Files (x86)\Microsoft DirectX SDK (June 2010)\Include\xnamath.h(2689,70): warning C4838: 'unsigned int'에서 'INT'(으)로의 변환에는 축소 변환이 필요합니다.
C:\Program Files (x86)\Microsoft DirectX SDK (June 2010)\Include\xnamath.h(2689,82): warning C4838: 'unsigned int'에서 'INT'(으)로의 변환에는 축소 변환이 필요합니다.
C:\Program Files (x86)\Microsoft DirectX SDK (June 2010)\Include\xnamath.h(2690,88): warning C4838: 'unsigned int'에서 'INT'(으)로의 변환에는 축소 변환이 필요합니다.
C:\Program Files (x86)\Microsoft DirectX SDK (June 2010)\Include\xnamath.h(2691,88): warning C4838: 'unsigned int'에서 'INT'(으)로의 변환에는 축소 변환이 필요합니다.
C:\Program Files (x86)\Microsoft DirectX SDK (June 2010)\Include\xnamath.h(2694,88): warning C4838: 'unsigned int'에서 'INT'(으)로의 변환에는 축소 변환이 필요합니다.
C:\Program Files (x86)\Microsoft DirectX SDK (June 2010)\Include\xnamath.h(2695,88): warning C4838: 'unsigned int'에서 'INT'(으)로의 변환에는 축소 변환이 필요합니다.
C:\Program Files (x86)\Microsoft DirectX SDK (June 2010)\Include\xnamath.h(2698,64): warning C4838: 'unsigned int'에서 'INT'(으)로의 변환에는 축소 변환이 필요합니다.
C:\Program Files (x86)\Microsoft DirectX SDK (June 2010)\Include\xnamath.h(2702,76): warning C4838: 'unsigned int'에서 'INT'(으)로의 변환에는 축소 변환이 필요합니다.
C:\Program Files (x86)\Microsoft DirectX SDK (June 2010)\Include\xnamath.h(2702,88): warning C4838: 'unsigned int'에서 'INT'(으)로의 변환에는 축소 변환이 필요합니다.
C:\Program Files (x86)\Microsoft DirectX SDK (June 2010)\Include\xnamath.h(2712,65): warning C4838: 'unsigned int'에서 'INT'(으)로의 변환에는 축소 변환이 필요합니다.
C:\Program Files (x86)\Microsoft DirectX SDK (June 2010)\Include\xnamath.h(2712,91): warning C4838: 'unsigned int'에서 'INT'(으)로의 변환에는 축소 변환이 필요합니다.
C:\Program Files (x86)\Microsoft DirectX SDK (June 2010)\Include\xnamath.h(2713,52): warning C4838: 'unsigned int'에서 'INT'(으)로의 변환에는 축소 변환이 필요합니다.
C:\Program Files (x86)\Microsoft DirectX SDK (June 2010)\Include\xnamath.h(2713,78): warning C4838: 'unsigned int'에서 'INT'(으)로의 변환에는 축소 변환이 필요합니다.
C:\Program Files (x86)\Microsoft DirectX SDK (June 2010)\Include\xnamath.h(2715,52): warning C4838: 'unsigned int'에서 'INT'(으)로의 변환에는 축소 변환이 필요합니다.
C:\Program Files (x86)\Microsoft DirectX SDK (June 2010)\Include\xnamath.h(2716,52): warning C4838: 'unsigned int'에서 'INT'(으)로의 변환에는 축소 변환이 필요합니다.
C:\Program Files (x86)\Microsoft DirectX SDK (June 2010)\Include\xnamath.h(2716,65): warning C4838: 'unsigned int'에서 'INT'(으)로의 변환에는 축소 변환이 필요합니다.
C:\Program Files (x86)\Microsoft DirectX SDK (June 2010)\Include\xnamath.h(2717,52): warning C4838: 'unsigned int'에서 'INT'(으)로의 변환에는 축소 변환이 필요합니다.
C:\Program Files (x86)\Microsoft DirectX SDK (June 2010)\Include\xnamath.h(2717,65): warning C4838: 'unsigned int'에서 'INT'(으)로의 변환에는 축소 변환이 필요합니다.
C:\Program Files (x86)\Microsoft DirectX SDK (June 2010)\Include\xnamath.h(2717,78): warning C4838: 'unsigned int'에서 'INT'(으)로의 변환에는 축소 변환이 필요합니다.
C:\Program Files (x86)\Microsoft DirectX SDK (June 2010)\Include\xnamath.h(2727,54): warning C4838: 'unsigned int'에서 'INT'(으)로의 변환에는 축소 변환이 필요합니다.
C:\Program Files (x86)\Microsoft DirectX SDK (June 2010)\Include\xnamath.h(2728,56): warning C4838: 'unsigned int'에서 'INT'(으)로의 변환에는 축소 변환이 필요합니다.
C:\Program Files (x86)\Microsoft DirectX SDK (June 2010)\Include\xnamath.h(2729,58): warning C4838: 'unsigned int'에서 'INT'(으)로의 변환에는 축소 변환이 필요합니다.
C:\Program Files (x86)\Microsoft DirectX SDK (June 2010)\Include\xnamath.h(2730,54): warning C4838: 'unsigned int'에서 'INT'(으)로의 변환에는 축소 변환이 필요합니다.
C:\Program Files (x86)\Microsoft DirectX SDK (June 2010)\Include\xnamath.h(2730,65): warning C4838: 'unsigned int'에서 'INT'(으)로의 변환에는 축소 변환이 필요합니다.
C:\Program Files (x86)\Microsoft DirectX SDK (June 2010)\Include\xnamath.h(2731,56): warning C4838: 'unsigned int'에서 'INT'(으)로의 변환에는 축소 변환이 필요합니다.
C:\Program Files (x86)\Microsoft DirectX SDK (June 2010)\Include\xnamath.h(2731,67): warning C4838: 'unsigned int'에서 'INT'(으)로의 변환에는 축소 변환이 필요합니다.
C:\Program Files (x86)\Microsoft DirectX SDK (June 2010)\Include\xnamath.h(2732,54): warning C4838: 'unsigned int'에서 'INT'(으)로의 변환에는 축소 변환이 필요합니다.
C:\Program Files (x86)\Microsoft DirectX SDK (June 2010)\Include\xnamath.h(2732,67): warning C4838: 'unsigned int'에서 'INT'(으)로의 변환에는 축소 변환이 필요합니다.
C:\Program Files (x86)\Microsoft DirectX SDK (June 2010)\Include\xnamath.h(2742,60): warning C4838: 'unsigned int'에서 'INT'(으)로의 변환에는 축소 변환이 필요합니다.
C:\Program Files (x86)\Microsoft DirectX SDK (June 2010)\Include\xnamath.h(2742,79): warning C4838: 'unsigned int'에서 'INT'(으)로의 변환에는 축소 변환이 필요합니다.
C:\Program Files (x86)\Microsoft DirectX SDK (June 2010)\Include\xnamath.h(2743,70): warning C4838: 'unsigned int'에서 'INT'(으)로의 변환에는 축소 변환이 필요합니다.
C:\Program Files (x86)\Microsoft DirectX SDK (June 2010)\Include\xnamath.h(2754,73): warning C4838: 'unsigned int'에서 'INT'(으)로의 변환에는 축소 변환이 필요합니다.
C:\Program Files (x86)\Microsoft DirectX SDK (June 2010)\Include\xnamathconvert.inl(2254,71): warning C4838: 'unsigned int'에서 'INT'(으)로의 변환에는 축소 변환이 필요합니다.
C:\Program Files (x86)\Microsoft DirectX SDK (June 2010)\Include\xnamathconvert.inl(4523,69): warning C4838: 'unsigned int'에서 'INT'(으)로의 변환에는 축소 변환이 필요합니다.
C:\Program Files (x86)\Microsoft DirectX SDK (June 2010)\Include\xnamathconvert.inl(4577,68): warning C4838: 'unsigned int'에서 'INT'(으)로의 변환에는 축소 변환이 필요합니다.
C:\Program Files (x86)\Microsoft DirectX SDK (June 2010)\Include\xnamathconvert.inl(4639,65): warning C4838: 'unsigned int'에서 'INT'(으)로의 변환에는 축소 변환이 필요합니다.
C:\Program Files (x86)\Microsoft DirectX SDK (June 2010)\Include\xnamathconvert.inl(4707,64): warning C4838: 'unsigned int'에서 'INT'(으)로의 변환에는 축소 변환이 필요합니다.
C:\Program Files (x86)\Microsoft DirectX SDK (June 2010)\Include\xnamathconvert.inl(4770,64): warning C4838: 'unsigned int'에서 'INT'(으)로의 변환에는 축소 변환이 필요합니다.
C:\Program Files (x86)\Microsoft DirectX SDK (June 2010)\Include\xnamathconvert.inl(4832,63): warning C4838: 'unsigned int'에서 'INT'(으)로의 변환에는 축소 변환이 필요합니다.
C:\Program Files (x86)\Microsoft DirectX SDK (June 2010)\Include\xnamathvector.inl(1269,45): warning C4838: 'unsigned int'에서 'INT'(으)로의 변환에는 축소 변환이 필요합니다.
C:\Program Files (x86)\Microsoft DirectX SDK (June 2010)\Include\xnamathvector.inl(1269,56): warning C4838: 'unsigned int'에서 'INT'(으)로의 변환에는 축소 변환이 필요합니다.
C:\Program Files (x86)\Microsoft DirectX SDK (June 2010)\Include\xnamathvector.inl(1269,67): warning C4838: 'unsigned int'에서 'INT'(으)로의 변환에는 축소 변환이 필요합니다.
C:\Program Files (x86)\Microsoft DirectX SDK (June 2010)\Include\xnamathvector.inl(1269,78): warning C4838: 'unsigned int'에서 'INT'(으)로의 변환에는 축소 변환이 필요합니다.
C:\Program Files (x86)\Microsoft DirectX SDK (June 2010)\Include\xnamathmisc.inl(518,43): warning C4838: 'unsigned int'에서 'INT'(으)로의 변환에는 축소 변환이 필요합니다.
C:\Program Files (x86)\Microsoft DirectX SDK (June 2010)\Include\xnamathmisc.inl(519,40): warning C4838: 'unsigned int'에서 'INT'(으)로의 변환에는 축소 변환이 필요합니다.
C:\Program Files (x86)\Microsoft DirectX SDK (June 2010)\Include\xnamathmisc.inl(519,51): warning C4838: 'unsigned int'에서 'INT'(으)로의 변환에는 축소 변환이 필요합니다.
  TextureMgr.cpp
C:\Program Files (x86)\Microsoft DirectX SDK (June 2010)\Include\xnamath.h(2662,52): warning C4838: 'unsigned int'에서 'INT'(으)로의 변환에는 축소 변환이 필요합니다.
C:\Program Files (x86)\Microsoft DirectX SDK (June 2010)\Include\xnamath.h(2662,64): warning C4838: 'unsigned int'에서 'INT'(으)로의 변환에는 축소 변환이 필요합니다.
C:\Program Files (x86)\Microsoft DirectX SDK (June 2010)\Include\xnamath.h(2662,76): warning C4838: 'unsigned int'에서 'INT'(으)로의 변환에는 축소 변환이 필요합니다.
C:\Program Files (x86)\Microsoft DirectX SDK (June 2010)\Include\xnamath.h(2662,88): warning C4838: 'unsigned int'에서 'INT'(으)로의 변환에는 축소 변환이 필요합니다.
C:\Program Files (x86)\Microsoft DirectX SDK (June 2010)\Include\xnamath.h(2663,52): warning C4838: 'unsigned int'에서 'INT'(으)로의 변환에는 축소 변환이 필요합니다.
C:\Program Files (x86)\Microsoft DirectX SDK (June 2010)\Include\xnamath.h(2663,64): warning C4838: 'unsigned int'에서 'INT'(으)로의 변환에는 축소 변환이 필요합니다.
C:\Program Files (x86)\Microsoft DirectX SDK (June 2010)\Include\xnamath.h(2663,76): warning C4838: 'unsigned int'에서 'INT'(으)로의 변환에는 축소 변환이 필요합니다.
C:\Program Files (x86)\Microsoft DirectX SDK (June 2010)\Include\xnamath.h(2664,52): warning C4838: 'unsigned int'에서 'INT'(으)로의 변환에는 축소 변환이 필요합니다.
C:\Program Files (x86)\Microsoft DirectX SDK (June 2010)\Include\xnamath.h(2664,64): warning C4838: 'unsigned int'에서 'INT'(으)로의 변환에는 축소 변환이 필요합니다.
C:\Program Files (x86)\Microsoft DirectX SDK (June 2010)\Include\xnamath.h(2664,76): warning C4838: 'unsigned int'에서 'INT'(으)로의 변환에는 축소 변환이 필요합니다.
C:\Program Files (x86)\Microsoft DirectX SDK (June 2010)\Include\xnamath.h(2665,52): warning C4838: 'unsigned int'에서 'INT'(으)로의 변환에는 축소 변환이 필요합니다.
C:\Program Files (x86)\Microsoft DirectX SDK (June 2010)\Include\xnamath.h(2666,64): warning C4838: 'unsigned int'에서 'INT'(으)로의 변환에는 축소 변환이 필요합니다.
C:\Program Files (x86)\Microsoft DirectX SDK (June 2010)\Include\xnamath.h(2667,76): warning C4838: 'unsigned int'에서 'INT'(으)로의 변환에는 축소 변환이 필요합니다.
C:\Program Files (x86)\Microsoft DirectX SDK (June 2010)\Include\xnamath.h(2668,88): warning C4838: 'unsigned int'에서 'INT'(으)로의 변환에는 축소 변환이 필요합니다.
C:\Program Files (x86)\Microsoft DirectX SDK (June 2010)\Include\xnamath.h(2689,46): warning C4838: 'unsigned int'에서 'INT'(으)로의 변환에는 축소 변환이 필요합니다.
C:\Program Files (x86)\Microsoft DirectX SDK (June 2010)\Include\xnamath.h(2689,58): warning C4838: 'unsigned int'에서 'INT'(으)로의 변환에는 축소 변환이 필요합니다.
C:\Program Files (x86)\Microsoft DirectX SDK (June 2010)\Include\xnamath.h(2689,70): warning C4838: 'unsigned int'에서 'INT'(으)로의 변환에는 축소 변환이 필요합니다.
C:\Program Files (x86)\Microsoft DirectX SDK (June 2010)\Include\xnamath.h(2689,82): warning C4838: 'unsigned int'에서 'INT'(으)로의 변환에는 축소 변환이 필요합니다.
C:\Program Files (x86)\Microsoft DirectX SDK (June 2010)\Include\xnamath.h(2690,88): warning C4838: 'unsigned int'에서 'INT'(으)로의 변환에는 축소 변환이 필요합니다.
C:\Program Files (x86)\Microsoft DirectX SDK (June 2010)\Include\xnamath.h(2691,88): warning C4838: 'unsigned int'에서 'INT'(으)로의 변환에는 축소 변환이 필요합니다.
C:\Program Files (x86)\Microsoft DirectX SDK (June 2010)\Include\xnamath.h(2694,88): warning C4838: 'unsigned int'에서 'INT'(으)로의 변환에는 축소 변환이 필요합니다.
C:\Program Files (x86)\Microsoft DirectX SDK (June 2010)\Include\xnamath.h(2695,88): warning C4838: 'unsigned int'에서 'INT'(으)로의 변환에는 축소 변환이 필요합니다.
C:\Program Files (x86)\Microsoft DirectX SDK (June 2010)\Include\xnamath.h(2698,64): warning C4838: 'unsigned int'에서 'INT'(으)로의 변환에는 축소 변환이 필요합니다.
C:\Program Files (x86)\Microsoft DirectX SDK (June 2010)\Include\xnamath.h(2702,76): warning C4838: 'unsigned int'에서 'INT'(으)로의 변환에는 축소 변환이 필요합니다.
C:\Program Files (x86)\Microsoft DirectX SDK (June 2010)\Include\xnamath.h(2702,88): warning C4838: 'unsigned int'에서 'INT'(으)로의 변환에는 축소 변환이 필요합니다.
C:\Program Files (x86)\Microsoft DirectX SDK (June 2010)\Include\xnamath.h(2712,65): warning C4838: 'unsigned int'에서 'INT'(으)로의 변환에는 축소 변환이 필요합니다.
C:\Program Files (x86)\Microsoft DirectX SDK (June 2010)\Include\xnamath.h(2712,91): warning C4838: 'unsigned int'에서 'INT'(으)로의 변환에는 축소 변환이 필요합니다.
C:\Program Files (x86)\Microsoft DirectX SDK (June 2010)\Include\xnamath.h(2713,52): warning C4838: 'unsigned int'에서 'INT'(으)로의 변환에는 축소 변환이 필요합니다.
C:\Program Files (x86)\Microsoft DirectX SDK (June 2010)\Include\xnamath.h(2713,78): warning C4838: 'unsigned int'에서 'INT'(으)로의 변환에는 축소 변환이 필요합니다.
C:\Program Files (x86)\Microsoft DirectX SDK (June 2010)\Include\xnamath.h(2715,52): warning C4838: 'unsigned int'에서 'INT'(으)로의 변환에는 축소 변환이 필요합니다.
C:\Program Files (x86)\Microsoft DirectX SDK (June 2010)\Include\xnamath.h(2716,52): warning C4838: 'unsigned int'에서 'INT'(으)로의 변환에는 축소 변환이 필요합니다.
C:\Program Files (x86)\Microsoft DirectX SDK (June 2010)\Include\xnamath.h(2716,65): warning C4838: 'unsigned int'에서 'INT'(으)로의 변환에는 축소 변환이 필요합니다.
C:\Program Files (x86)\Microsoft DirectX SDK (June 2010)\Include\xnamath.h(2717,52): warning C4838: 'unsigned int'에서 'INT'(으)로의 변환에는 축소 변환이 필요합니다.
C:\Program Files (x86)\Microsoft DirectX SDK (June 2010)\Include\xnamath.h(2717,65): warning C4838: 'unsigned int'에서 'INT'(으)로의 변환에는 축소 변환이 필요합니다.
C:\Program Files (x86)\Microsoft DirectX SDK (June 2010)\Include\xnamath.h(2717,78): warning C4838: 'unsigned int'에서 'INT'(으)로의 변환에는 축소 변환이 필요합니다.
C:\Program Files (x86)\Microsoft DirectX SDK (June 2010)\Include\xnamath.h(2727,54): warning C4838: 'unsigned int'에서 'INT'(으)로의 변환에는 축소 변환이 필요합니다.
C:\Program Files (x86)\Microsoft DirectX SDK (June 2010)\Include\xnamath.h(2728,56): warning C4838: 'unsigned int'에서 'INT'(으)로의 변환에는 축소 변환이 필요합니다.
C:\Program Files (x86)\Microsoft DirectX SDK (June 2010)\Include\xnamath.h(2729,58): warning C4838: 'unsigned int'에서 'INT'(으)로의 변환에는 축소 변환이 필요합니다.
C:\Program Files (x86)\Microsoft DirectX SDK (June 2010)\Include\xnamath.h(2730,54): warning C4838: 'unsigned int'에서 'INT'(으)로의 변환에는 축소 변환이 필요합니다.
C:\Program Files (x86)\Microsoft DirectX SDK (June 2010)\Include\xnamath.h(2730,65): warning C4838: 'unsigned int'에서 'INT'(으)로의 변환에는 축소 변환이 필요합니다.
C:\Program Files (x86)\Microsoft DirectX SDK (June 2010)\Include\xnamath.h(2731,56): warning C4838: 'unsigned int'에서 'INT'(으)로의 변환에는 축소 변환이 필요합니다.
C:\Program Files (x86)\Microsoft DirectX SDK (June 2010)\Include\xnamath.h(2731,67): warning C4838: 'unsigned int'에서 'INT'(으)로의 변환에는 축소 변환이 필요합니다.
C:\Program Files (x86)\Microsoft DirectX SDK (June 2010)\Include\xnamath.h(2732,54): warning C4838: 'unsigned int'에서 'INT'(으)로의 변환에는 축소 변환이 필요합니다.
C:\Program Files (x86)\Microsoft DirectX SDK (June 2010)\Include\xnamath.h(2732,67): warning C4838: 'unsigned int'에서 'INT'(으)로의 변환에는 축소 변환이 필요합니다.
C:\Program Files (x86)\Microsoft DirectX SDK (June 2010)\Include\xnamath.h(2742,60): warning C4838: 'unsigned int'에서 'INT'(으)로의 변환에는 축소 변환이 필요합니다.
C:\Program Files (x86)\Microsoft DirectX SDK (June 2010)\Include\xnamath.h(2742,79): warning C4838: 'unsigned int'에서 'INT'(으)로의 변환에는 축소 변환이 필요합니다.
C:\Program Files (x86)\Microsoft DirectX SDK (June 2010)\Include\xnamath.h(2743,70): warning C4838: 'unsigned int'에서 'INT'(으)로의 변환에는 축소 변환이 필요합니다.
C:\Program Files (x86)\Microsoft DirectX SDK (June 2010)\Include\xnamath.h(2754,73): warning C4838: 'unsigned int'에서 'INT'(으)로의 변환에는 축소 변환이 필요합니다.
C:\Program Files (x86)\Microsoft DirectX SDK (June 2010)\Include\xnamathconvert.inl(2254,71): warning C4838: 'unsigned int'에서 'INT'(으)로의 변환에는 축소 변환이 필요합니다.
C:\Program Files (x86)\Microsoft DirectX SDK (June 2010)\Include\xnamathconvert.inl(4523,69): warning C4838: 'unsigned int'에서 'INT'(으)로의 변환에는 축소 변환이 필요합니다.
C:\Program Files (x86)\Microsoft DirectX SDK (June 2010)\Include\xnamathconvert.inl(4577,68): warning C4838: 'unsigned int'에서 'INT'(으)로의 변환에는 축소 변환이 필요합니다.
C:\Program Files (x86)\Microsoft DirectX SDK (June 2010)\Include\xnamathconvert.inl(4639,65): warning C4838: 'unsigned int'에서 'INT'(으)로의 변환에는 축소 변환이 필요합니다.
C:\Program Files (x86)\Microsoft DirectX SDK (June 2010)\Include\xnamathconvert.inl(4707,64): warning C4838: 'unsigned int'에서 'INT'(으)로의 변환에는 축소 변환이 필요합니다.
C:\Program Files (x86)\Microsoft DirectX SDK (June 2010)\Include\xnamathconvert.inl(4770,64): warning C4838: 'unsigned int'에서 'INT'(으)로의 변환에는 축소 변환이 필요합니다.
C:\Program Files (x86)\Microsoft DirectX SDK (June 2010)\Include\xnamathconvert.inl(4832,63): warning C4838: 'unsigned int'에서 'INT'(으)로의 변환에는 축소 변환이 필요합니다.
C:\Program Files (x86)\Microsoft DirectX SDK (June 2010)\Include\xnamathvector.inl(1269,45): warning C4838: 'unsigned int'에서 'INT'(으)로의 변환에는 축소 변환이 필요합니다.
C:\Program Files (x86)\Microsoft DirectX SDK (June 2010)\Include\xnamathvector.inl(1269,56): warning C4838: 'unsigned int'에서 'INT'(으)로의 변환에는 축소 변환이 필요합니다.
C:\Program Files (x86)\Microsoft DirectX SDK (June 2010)\Include\xnamathvector.inl(1269,67): warning C4838: 'unsigned int'에서 'INT'(으)로의 변환에는 축소 변환이 필요합니다.
C:\Program Files (x86)\Microsoft DirectX SDK (June 2010)\Include\xnamathvector.inl(1269,78): warning C4838: 'unsigned int'에서 'INT'(으)로의 변환에는 축소 변환이 필요합니다.
C:\Program Files (x86)\Microsoft DirectX SDK (June 2010)\Include\xnamathmisc.inl(518,43): warning C4838: 'unsigned int'에서 'INT'(으)로의 변환에는 축소 변환이 필요합니다.
C:\Program Files (x86)\Microsoft DirectX SDK (June 2010)\Include\xnamathmisc.inl(519,40): warning C4838: 'unsigned int'에서 'INT'(으)로의 변환에는 축소 변환이 필요합니다.
C:\Program Files (x86)\Microsoft DirectX SDK (June 2010)\Include\xnamathmisc.inl(519,51): warning C4838: 'unsigned int'에서 'INT'(으)로의 변환에는 축소 변환이 필요합니다.
  Effects.cpp
C:\Program Files (x86)\Microsoft DirectX SDK (June 2010)\Include\xnamath.h(2662,52): warning C4838: 'unsigned int'에서 'INT'(으)로의 변환에는 축소 변환이 필요합니다.
C:\Program Files (x86)\Microsoft DirectX SDK (June 2010)\Include\xnamath.h(2662,64): warning C4838: 'unsigned int'에서 'INT'(으)로의 변환에는 축소 변환이 필요합니다.
C:\Program Files (x86)\Microsoft DirectX SDK (June 2010)\Include\xnamath.h(2662,76): warning C4838: 'unsigned int'에서 'INT'(으)로의 변환에는 축소 변환이 필요합니다.
C:\Program Files (x86)\Microsoft DirectX SDK (June 2010)\Include\xnamath.h(2662,88): warning C4838: 'unsigned int'에서 'INT'(으)로의 변환에는 축소 변환이 필요합니다.
C:\Program Files (x86)\Microsoft DirectX SDK (June 2010)\Include\xnamath.h(2663,52): warning C4838: 'unsigned int'에서 'INT'(으)로의 변환에는 축소 변환이 필요합니다.
C:\Program Files (x86)\Microsoft DirectX SDK (June 2010)\Include\xnamath.h(2663,64): warning C4838: 'unsigned int'에서 'INT'(으)로의 변환에는 축소 변환이 필요합니다.
C:\Program Files (x86)\Microsoft DirectX SDK (June 2010)\Include\xnamath.h(2663,76): warning C4838: 'unsigned int'에서 'INT'(으)로의 변환에는 축소 변환이 필요합니다.
C:\Program Files (x86)\Microsoft DirectX SDK (June 2010)\Include\xnamath.h(2664,52): warning C4838: 'unsigned int'에서 'INT'(으)로의 변환에는 축소 변환이 필요합니다.
C:\Program Files (x86)\Microsoft DirectX SDK (June 2010)\Include\xnamath.h(2664,64): warning C4838: 'unsigned int'에서 'INT'(으)로의 변환에는 축소 변환이 필요합니다.
C:\Program Files (x86)\Microsoft DirectX SDK (June 2010)\Include\xnamath.h(2664,76): warning C4838: 'unsigned int'에서 'INT'(으)로의 변환에는 축소 변환이 필요합니다.
C:\Program Files (x86)\Microsoft DirectX SDK (June 2010)\Include\xnamath.h(2665,52): warning C4838: 'unsigned int'에서 'INT'(으)로의 변환에는 축소 변환이 필요합니다.
C:\Program Files (x86)\Microsoft DirectX SDK (June 2010)\Include\xnamath.h(2666,64): warning C4838: 'unsigned int'에서 'INT'(으)로의 변환에는 축소 변환이 필요합니다.
C:\Program Files (x86)\Microsoft DirectX SDK (June 2010)\Include\xnamath.h(2667,76): warning C4838: 'unsigned int'에서 'INT'(으)로의 변환에는 축소 변환이 필요합니다.
C:\Program Files (x86)\Microsoft DirectX SDK (June 2010)\Include\xnamath.h(2668,88): warning C4838: 'unsigned int'에서 'INT'(으)로의 변환에는 축소 변환이 필요합니다.
C:\Program Files (x86)\Microsoft DirectX SDK (June 2010)\Include\xnamath.h(2689,46): warning C4838: 'unsigned int'에서 'INT'(으)로의 변환에는 축소 변환이 필요합니다.
C:\Program Files (x86)\Microsoft DirectX SDK (June 2010)\Include\xnamath.h(2689,58): warning C4838: 'unsigned int'에서 'INT'(으)로의 변환에는 축소 변환이 필요합니다.
C:\Program Files (x86)\Microsoft DirectX SDK (June 2010)\Include\xnamath.h(2689,70): warning C4838: 'unsigned int'에서 'INT'(으)로의 변환에는 축소 변환이 필요합니다.
C:\Program Files (x86)\Microsoft DirectX SDK (June 2010)\Include\xnamath.h(2689,82): warning C4838: 'unsigned int'에서 'INT'(으)로의 변환에는 축소 변환이 필요합니다.
C:\Program Files (x86)\Microsoft DirectX SDK (June 2010)\Include\xnamath.h(2690,88): warning C4838: 'unsigned int'에서 'INT'(으)로의 변환에는 축소 변환이 필요합니다.
C:\Program Files (x86)\Microsoft DirectX SDK (June 2010)\Include\xnamath.h(2691,88): warning C4838: 'unsigned int'에서 'INT'(으)로의 변환에는 축소 변환이 필요합니다.
C:\Program Files (x86)\Microsoft DirectX SDK (June 2010)\Include\xnamath.h(2694,88): warning C4838: 'unsigned int'에서 'INT'(으)로의 변환에는 축소 변환이 필요합니다.
C:\Program Files (x86)\Microsoft DirectX SDK (June 2010)\Include\xnamath.h(2695,88): warning C4838: 'unsigned int'에서 'INT'(으)로의 변환에는 축소 변환이 필요합니다.
C:\Program Files (x86)\Microsoft DirectX SDK (June 2010)\Include\xnamath.h(2698,64): warning C4838: 'unsigned int'에서 'INT'(으)로의 변환에는 축소 변환이 필요합니다.
C:\Program Files (x86)\Microsoft DirectX SDK (June 2010)\Include\xnamath.h(2702,76): warning C4838: 'unsigned int'에서 'INT'(으)로의 변환에는 축소 변환이 필요합니다.
C:\Program Files (x86)\Microsoft DirectX SDK (June 2010)\Include\xnamath.h(2702,88): warning C4838: 'unsigned int'에서 'INT'(으)로의 변환에는 축소 변환이 필요합니다.
C:\Program Files (x86)\Microsoft DirectX SDK (June 2010)\Include\xnamath.h(2712,65): warning C4838: 'unsigned int'에서 'INT'(으)로의 변환에는 축소 변환이 필요합니다.
C:\Program Files (x86)\Microsoft DirectX SDK (June 2010)\Include\xnamath.h(2712,91): warning C4838: 'unsigned int'에서 'INT'(으)로의 변환에는 축소 변환이 필요합니다.
C:\Program Files (x86)\Microsoft DirectX SDK (June 2010)\Include\xnamath.h(2713,52): warning C4838: 'unsigned int'에서 'INT'(으)로의 변환에는 축소 변환이 필요합니다.
C:\Program Files (x86)\Microsoft DirectX SDK (June 2010)\Include\xnamath.h(2713,78): warning C4838: 'unsigned int'에서 'INT'(으)로의 변환에는 축소 변환이 필요합니다.
C:\Program Files (x86)\Microsoft DirectX SDK (June 2010)\Include\xnamath.h(2715,52): warning C4838: 'unsigned int'에서 'INT'(으)로의 변환에는 축소 변환이 필요합니다.
C:\Program Files (x86)\Microsoft DirectX SDK (June 2010)\Include\xnamath.h(2716,52): warning C4838: 'unsigned int'에서 'INT'(으)로의 변환에는 축소 변환이 필요합니다.
C:\Program Files (x86)\Microsoft DirectX SDK (June 2010)\Include\xnamath.h(2716,65): warning C4838: 'unsigned int'에서 'INT'(으)로의 변환에는 축소 변환이 필요합니다.
C:\Program Files (x86)\Microsoft DirectX SDK (June 2010)\Include\xnamath.h(2717,52): warning C4838: 'unsigned int'에서 'INT'(으)로의 변환에는 축소 변환이 필요합니다.
C:\Program Files (x86)\Microsoft DirectX SDK (June 2010)\Include\xnamath.h(2717,65): warning C4838: 'unsigned int'에서 'INT'(으)로의 변환에는 축소 변환이 필요합니다.
C:\Program Files (x86)\Microsoft DirectX SDK (June 2010)\Include\xnamath.h(2717,78): warning C4838: 'unsigned int'에서 'INT'(으)로의 변환에는 축소 변환이 필요합니다.
C:\Program Files (x86)\Microsoft DirectX SDK (June 2010)\Include\xnamath.h(2727,54): warning C4838: 'unsigned int'에서 'INT'(으)로의 변환에는 축소 변환이 필요합니다.
C:\Program Files (x86)\Microsoft DirectX SDK (June 2010)\Include\xnamath.h(2728,56): warning C4838: 'unsigned int'에서 'INT'(으)로의 변환에는 축소 변환이 필요합니다.
C:\Program Files (x86)\Microsoft DirectX SDK (June 2010)\Include\xnamath.h(2729,58): warning C4838: 'unsigned int'에서 'INT'(으)로의 변환에는 축소 변환이 필요합니다.
C:\Program Files (x86)\Microsoft DirectX SDK (June 2010)\Include\xnamath.h(2730,54): warning C4838: 'unsigned int'에서 'INT'(으)로의 변환에는 축소 변환이 필요합니다.
C:\Program Files (x86)\Microsoft DirectX SDK (June 2010)\Include\xnamath.h(2730,65): warning C4838: 'unsigned int'에서 'INT'(으)로의 변환에는 축소 변환이 필요합니다.
C:\Program Files (x86)\Microsoft DirectX SDK (June 2010)\Include\xnamath.h(2731,56): warning C4838: 'unsigned int'에서 'INT'(으)로의 변환에는 축소 변환이 필요합니다.
C:\Program Files (x86)\Microsoft DirectX SDK (June 2010)\Include\xnamath.h(2731,67): warning C4838: 'unsigned int'에서 'INT'(으)로의 변환에는 축소 변환이 필요합니다.
C:\Program Files (x86)\Microsoft DirectX SDK (June 2010)\Include\xnamath.h(2732,54): warning C4838: 'unsigned int'에서 'INT'(으)로의 변환에는 축소 변환이 필요합니다.
C:\Program Files (x86)\Microsoft DirectX SDK (June 2010)\Include\xnamath.h(2732,67): warning C4838: 'unsigned int'에서 'INT'(으)로의 변환에는 축소 변환이 필요합니다.
C:\Program Files (x86)\Microsoft DirectX SDK (June 2010)\Include\xnamath.h(2742,60): warning C4838: 'unsigned int'에서 'INT'(으)로의 변환에는 축소 변환이 필요합니다.
C:\Program Files (x86)\Microsoft DirectX SDK (June 2010)\Include\xnamath.h(2742,79): warning C4838: 'unsigned int'에서 'INT'(으)로의 변환에는 축소 변환이 필요합니다.
C:\Program Files (x86)\Microsoft DirectX SDK (June 2010)\Include\xnamath.h(2743,70): warning C4838: 'unsigned int'에서 'INT'(으)로의 변환에는 축소 변환이 필요합니다.
C:\Program Files (x86)\Microsoft DirectX SDK (June 2010)\Include\xnamath.h(2754,73): warning C4838: 'unsigned int'에서 'INT'(으)로의 변환에는 축소 변환이 필요합니다.
C:\Program Files (x86)\Microsoft DirectX SDK (June 2010)\Include\xnamathconvert.inl(2254,71): warning C4838: 'unsigned int'에서 'INT'(으)로의 변환에는 축소 변환이 필요합니다.
C:\Program Files (x86)\Microsoft DirectX SDK (June 2010)\Include\xnamathconvert.inl(4523,69): warning C4838: 'unsigned int'에서 'INT'(으)로의 변환에는 축소 변환이 필요합니다.
C:\Program Files (x86)\Microsoft DirectX SDK (June 2010)\Include\xnamathconvert.inl(4577,68): warning C4838: 'unsigned int'에서 'INT'(으)로의 변환에는 축소 변환이 필요합니다.
C:\Program Files (x86)\Microsoft DirectX SDK (June 2010)\Include\xnamathconvert.inl(4639,65): warning C4838: 'unsigned int'에서 'INT'(으)로의 변환에는 축소 변환이 필요합니다.
C:\Program Files (x86)\Microsoft DirectX SDK (June 2010)\Include\xnamathconvert.inl(4707,64): warning C4838: 'unsigned int'에서 'INT'(으)로의 변환에는 축소 변환이 필요합니다.
C:\Program Files (x86)\Microsoft DirectX SDK (June 2010)\Include\xnamathconvert.inl(4770,64): warning C4838: 'unsigned int'에서 'INT'(으)로의 변환에는 축소 변환이 필요합니다.
C:\Program Files (x86)\Microsoft DirectX SDK (June 2010)\Include\xnamathconvert.inl(4832,63): warning C4838: 'unsigned int'에서 'INT'(으)로의 변환에는 축소 변환이 필요합니다.
C:\Program Files (x86)\Microsoft DirectX SDK (June 2010)\Include\xnamathvector.inl(1269,45): warning C4838: 'unsigned int'에서 'INT'(으)로의 변환에는 축소 변환이 필요합니다.
C:\Program Files (x86)\Microsoft DirectX SDK (June 2010)\Include\xnamathvector.inl(1269,56): warning C4838: 'unsigned int'에서 'INT'(으)로의 변환에는 축소 변환이 필요합니다.
C:\Program Files (x86)\Microsoft DirectX SDK (June 2010)\Include\xnamathvector.inl(1269,67): warning C4838: 'unsigned int'에서 'INT'(으)로의 변환에는 축소 변환이 필요합니다.
C:\Program Files (x86)\Microsoft DirectX SDK (June 2010)\Include\xnamathvector.inl(1269,78): warning C4838: 'unsigned int'에서 'INT'(으)로의 변환에는 축소 변환이 필요합니다.
C:\Program Files (x86)\Microsoft DirectX SDK (June 2010)\Include\xnamathmisc.inl(518,43): warning C4838: 'unsigned int'에서 'INT'(으)로의 변환에는 축소 변환이 필요합니다.
C:\Program Files (x86)\Microsoft DirectX SDK (June 2010)\Include\xnamathmisc.inl(519,40): warning C4838: 'unsigned int'에서 'INT'(으)로의 변환에는 축소 변환이 필요합니다.
C:\Program Files (x86)\Microsoft DirectX SDK (June 2010)\Include\xnamathmisc.inl(519,51): warning C4838: 'unsigned int'에서 'INT'(으)로의 변환에는 축소 변환이 필요합니다.
  Main.cpp
C:\Program Files (x86)\Microsoft DirectX SDK (June 2010)\Include\xnamath.h(2662,52): warning C4838: 'unsigned int'에서 'INT'(으)로의 변환에는 축소 변환이 필요합니다.
C:\Program Files (x86)\Microsoft DirectX SDK (June 2010)\Include\xnamath.h(2662,64): warning C4838: 'unsigned int'에서 'INT'(으)로의 변환에는 축소 변환이 필요합니다.
C:\Program Files (x86)\Microsoft DirectX SDK (June 2010)\Include\xnamath.h(2662,76): warning C4838: 'unsigned int'에서 'INT'(으)로의 변환에는 축소 변환이 필요합니다.
C:\Program Files (x86)\Microsoft DirectX SDK (June 2010)\Include\xnamath.h(2662,88): warning C4838: 'unsigned int'에서 'INT'(으)로의 변환에는 축소 변환이 필요합니다.
C:\Program Files (x86)\Microsoft DirectX SDK (June 2010)\Include\xnamath.h(2663,52): warning C4838: 'unsigned int'에서 'INT'(으)로의 변환에는 축소 변환이 필요합니다.
C:\Program Files (x86)\Microsoft DirectX SDK (June 2010)\Include\xnamath.h(2663,64): warning C4838: 'unsigned int'에서 'INT'(으)로의 변환에는 축소 변환이 필요합니다.
C:\Program Files (x86)\Microsoft DirectX SDK (June 2010)\Include\xnamath.h(2663,76): warning C4838: 'unsigned int'에서 'INT'(으)로의 변환에는 축소 변환이 필요합니다.
C:\Program Files (x86)\Microsoft DirectX SDK (June 2010)\Include\xnamath.h(2664,52): warning C4838: 'unsigned int'에서 'INT'(으)로의 변환에는 축소 변환이 필요합니다.
C:\Program Files (x86)\Microsoft DirectX SDK (June 2010)\Include\xnamath.h(2664,64): warning C4838: 'unsigned int'에서 'INT'(으)로의 변환에는 축소 변환이 필요합니다.
C:\Program Files (x86)\Microsoft DirectX SDK (June 2010)\Include\xnamath.h(2664,76): warning C4838: 'unsigned int'에서 'INT'(으)로의 변환에는 축소 변환이 필요합니다.
C:\Program Files (x86)\Microsoft DirectX SDK (June 2010)\Include\xnamath.h(2665,52): warning C4838: 'unsigned int'에서 'INT'(으)로의 변환에는 축소 변환이 필요합니다.
C:\Program Files (x86)\Microsoft DirectX SDK (June 2010)\Include\xnamath.h(2666,64): warning C4838: 'unsigned int'에서 'INT'(으)로의 변환에는 축소 변환이 필요합니다.
C:\Program Files (x86)\Microsoft DirectX SDK (June 2010)\Include\xnamath.h(2667,76): warning C4838: 'unsigned int'에서 'INT'(으)로의 변환에는 축소 변환이 필요합니다.
C:\Program Files (x86)\Microsoft DirectX SDK (June 2010)\Include\xnamath.h(2668,88): warning C4838: 'unsigned int'에서 'INT'(으)로의 변환에는 축소 변환이 필요합니다.
C:\Program Files (x86)\Microsoft DirectX SDK (June 2010)\Include\xnamath.h(2689,46): warning C4838: 'unsigned int'에서 'INT'(으)로의 변환에는 축소 변환이 필요합니다.
C:\Program Files (x86)\Microsoft DirectX SDK (June 2010)\Include\xnamath.h(2689,58): warning C4838: 'unsigned int'에서 'INT'(으)로의 변환에는 축소 변환이 필요합니다.
C:\Program Files (x86)\Microsoft DirectX SDK (June 2010)\Include\xnamath.h(2689,70): warning C4838: 'unsigned int'에서 'INT'(으)로의 변환에는 축소 변환이 필요합니다.
C:\Program Files (x86)\Microsoft DirectX SDK (June 2010)\Include\xnamath.h(2689,82): warning C4838: 'unsigned int'에서 'INT'(으)로의 변환에는 축소 변환이 필요합니다.
C:\Program Files (x86)\Microsoft DirectX SDK (June 2010)\Include\xnamath.h(2690,88): warning C4838: 'unsigned int'에서 'INT'(으)로의 변환에는 축소 변환이 필요합니다.
C:\Program Files (x86)\Microsoft DirectX SDK (June 2010)\Include\xnamath.h(2691,88): warning C4838: 'unsigned int'에서 'INT'(으)로의 변환에는 축소 변환이 필요합니다.
C:\Program Files (x86)\Microsoft DirectX SDK (June 2010)\Include\xnamath.h(2694,88): warning C4838: 'unsigned int'에서 'INT'(으)로의 변환에는 축소 변환이 필요합니다.
C:\Program Files (x86)\Microsoft DirectX SDK (June 2010)\Include\xnamath.h(2695,88): warning C4838: 'unsigned int'에서 'INT'(으)로의 변환에는 축소 변환이 필요합니다.
C:\Program Files (x86)\Microsoft DirectX SDK (June 2010)\Include\xnamath.h(2698,64): warning C4838: 'unsigned int'에서 'INT'(으)로의 변환에는 축소 변환이 필요합니다.
C:\Program Files (x86)\Microsoft DirectX SDK (June 2010)\Include\xnamath.h(2702,76): warning C4838: 'unsigned int'에서 'INT'(으)로의 변환에는 축소 변환이 필요합니다.
C:\Program Files (x86)\Microsoft DirectX SDK (June 2010)\Include\xnamath.h(2702,88): warning C4838: 'unsigned int'에서 'INT'(으)로의 변환에는 축소 변환이 필요합니다.
C:\Program Files (x86)\Microsoft DirectX SDK (June 2010)\Include\xnamath.h(2712,65): warning C4838: 'unsigned int'에서 'INT'(으)로의 변환에는 축소 변환이 필요합니다.
C:\Program Files (x86)\Microsoft DirectX SDK (June 2010)\Include\xnamath.h(2712,91): warning C4838: 'unsigned int'에서 'INT'(으)로의 변환에는 축소 변환이 필요합니다.
C:\Program Files (x86)\Microsoft DirectX SDK (June 2010)\Include\xnamath.h(2713,52): warning C4838: 'unsigned int'에서 'INT'(으)로의 변환에는 축소 변환이 필요합니다.
C:\Program Files (x86)\Microsoft DirectX SDK (June 2010)\Include\xnamath.h(2713,78): warning C4838: 'unsigned int'에서 'INT'(으)로의 변환에는 축소 변환이 필요합니다.
C:\Program Files (x86)\Microsoft DirectX SDK (June 2010)\Include\xnamath.h(2715,52): warning C4838: 'unsigned int'에서 'INT'(으)로의 변환에는 축소 변환이 필요합니다.
C:\Program Files (x86)\Microsoft DirectX SDK (June 2010)\Include\xnamath.h(2716,52): warning C4838: 'unsigned int'에서 'INT'(으)로의 변환에는 축소 변환이 필요합니다.
C:\Program Files (x86)\Microsoft DirectX SDK (June 2010)\Include\xnamath.h(2716,65): warning C4838: 'unsigned int'에서 'INT'(으)로의 변환에는 축소 변환이 필요합니다.
C:\Program Files (x86)\Microsoft DirectX SDK (June 2010)\Include\xnamath.h(2717,52): warning C4838: 'unsigned int'에서 'INT'(으)로의 변환에는 축소 변환이 필요합니다.
C:\Program Files (x86)\Microsoft DirectX SDK (June 2010)\Include\xnamath.h(2717,65): warning C4838: 'unsigned int'에서 'INT'(으)로의 변환에는 축소 변환이 필요합니다.
C:\Program Files (x86)\Microsoft DirectX SDK (June 2010)\Include\xnamath.h(2717,78): warning C4838: 'unsigned int'에서 'INT'(으)로의 변환에는 축소 변환이 필요합니다.
C:\Program Files (x86)\Microsoft DirectX SDK (June 2010)\Include\xnamath.h(2727,54): warning C4838: 'unsigned int'에서 'INT'(으)로의 변환에는 축소 변환이 필요합니다.
C:\Program Files (x86)\Microsoft DirectX SDK (June 2010)\Include\xnamath.h(2728,56): warning C4838: 'unsigned int'에서 'INT'(으)로의 변환에는 축소 변환이 필요합니다.
C:\Program Files (x86)\Microsoft DirectX SDK (June 2010)\Include\xnamath.h(2729,58): warning C4838: 'unsigned int'에서 'INT'(으)로의 변환에는 축소 변환이 필요합니다.
C:\Program Files (x86)\Microsoft DirectX SDK (June 2010)\Include\xnamath.h(2730,54): warning C4838: 'unsigned int'에서 'INT'(으)로의 변환에는 축소 변환이 필요합니다.
C:\Program Files (x86)\Microsoft DirectX SDK (June 2010)\Include\xnamath.h(2730,65): warning C4838: 'unsigned int'에서 'INT'(으)로의 변환에는 축소 변환이 필요합니다.
C:\Program Files (x86)\Microsoft DirectX SDK (June 2010)\Include\xnamath.h(2731,56): warning C4838: 'unsigned int'에서 'INT'(으)로의 변환에는 축소 변환이 필요합니다.
C:\Program Files (x86)\Microsoft DirectX SDK (June 2010)\Include\xnamath.h(2731,67): warning C4838: 'unsigned int'에서 'INT'(으)로의 변환에는 축소 변환이 필요합니다.
C:\Program Files (x86)\Microsoft DirectX SDK (June 2010)\Include\xnamath.h(2732,54): warning C4838: 'unsigned int'에서 'INT'(으)로의 변환에는 축소 변환이 필요합니다.
C:\Program Files (x86)\Microsoft DirectX SDK (June 2010)\Include\xnamath.h(2732,67): warning C4838: 'unsigned int'에서 'INT'(으)로의 변환에는 축소 변환이 필요합니다.
C:\Program Files (x86)\Microsoft DirectX SDK (June 2010)\Include\xnamath.h(2742,60): warning C4838: 'unsigned int'에서 'INT'(으)로의 변환에는 축소 변환이 필요합니다.
C:\Program Files (x86)\Microsoft DirectX SDK (June 2010)\Include\xnamath.h(2742,79): warning C4838: 'unsigned int'에서 'INT'(으)로의 변환에는 축소 변환이 필요합니다.
C:\Program Files (x86)\Microsoft DirectX SDK (June 2010)\Include\xnamath.h(2743,70): warning C4838: 'unsigned int'에서 'INT'(으)로의 변환에는 축소 변환이 필요합니다.
C:\Program Files (x86)\Microsoft DirectX SDK (June 2010)\Include\xnamath.h(2754,73): warning C4838: 'unsigned int'에서 'INT'(으)로의 변환에는 축소 변환이 필요합니다.
C:\Program Files (x86)\Microsoft DirectX SDK (June 2010)\Include\xnamathconvert.inl(2254,71): warning C4838: 'unsigned int'에서 'INT'(으)로의 변환에는 축소 변환이 필요합니다.
C:\Program Files (x86)\Microsoft DirectX SDK (June 2010)\Include\xnamathconvert.inl(4523,69): warning C4838: 'unsigned int'에서 'INT'(으)로의 변환에는 축소 변환이 필요합니다.
C:\Program Files (x86)\Microsoft DirectX SDK (June 2010)\Include\xnamathconvert.inl(4577,68): warning C4838: 'unsigned int'에서 'INT'(으)로의 변환에는 축소 변환이 필요합니다.
C:\Program Files (x86)\Microsoft DirectX SDK (June 2010)\Include\xnamathconvert.inl(4639,65): warning C4838: 'unsigned int'에서 'INT'(으)로의 변환에는 축소 변환이 필요합니다.
C:\Program Files (x86)\Microsoft DirectX SDK (June 2010)\Include\xnamathconvert.inl(4707,64): warning C4838: 'unsigned int'에서 'INT'(으)로의 변환에는 축소 변환이 필요합니다.
C:\Program Files (x86)\Microsoft DirectX SDK (June 2010)\Include\xnamathconvert.inl(4770,64): warning C4838: 'unsigned int'에서 'INT'(으)로의 변환에는 축소 변환이 필요합니다.
C:\Program Files (x86)\Microsoft DirectX SDK (June 2010)\Include\xnamathconvert.inl(4832,63): warning C4838: 'unsigned int'에서 'INT'(으)로의 변환에는 축소 변환이 필요합니다.
C:\Program Files (x86)\Microsoft DirectX SDK (June 2010)\Include\xnamathvector.inl(1269,45): warning C4838: 'unsigned int'에서 'INT'(으)로의 변환에는 축소 변환이 필요합니다.
C:\Program Files (x86)\Microsoft DirectX SDK (June 2010)\Include\xnamathvector.inl(1269,56): warning C4838: 'unsigned int'에서 'INT'(으)로의 변환에는 축소 변환이 필요합니다.
C:\Program Files (x86)\Microsoft DirectX SDK (June 2010)\Include\xnamathvector.inl(1269,67): warning C4838: 'unsigned int'에서 'INT'(으)로의 변환에는 축소 변환이 필요합니다.
C:\Program Files (x86)\Microsoft DirectX SDK (June 2010)\Include\xnamathvector.inl(1269,78): warning C4838: 'unsigned int'에서 'INT'(으)로의 변환에는 축소 변환이 필요합니다.
C:\Program Files (x86)\Microsoft DirectX SDK (June 2010)\Include\xnamathmisc.inl(518,43): warning C4838: 'unsigned int'에서 'INT'(으)로의 변환에는 축소 변환이 필요합니다.
C:\Program Files (x86)\Microsoft DirectX SDK (June 2010)\Include\xnamathmisc.inl(519,40): warning C4838: 'unsigned int'에서 'INT'(으)로의 변환에는 축소 변환이 필요합니다.
C:\Program Files (x86)\Microsoft DirectX SDK (June 2010)\Include\xnamathmisc.inl(519,51): warning C4838: 'unsigned int'에서 'INT'(으)로의 변환에는 축소 변환이 필요합니다.
  Vertex.cpp
C:\Program Files (x86)\Microsoft DirectX SDK (June 2010)\Include\xnamath.h(2662,52): warning C4838: 'unsigned int'에서 'INT'(으)로의 변환에는 축소 변환이 필요합니다.
C:\Program Files (x86)\Microsoft DirectX SDK (June 2010)\Include\xnamath.h(2662,64): warning C4838: 'unsigned int'에서 'INT'(으)로의 변환에는 축소 변환이 필요합니다.
C:\Program Files (x86)\Microsoft DirectX SDK (June 2010)\Include\xnamath.h(2662,76): warning C4838: 'unsigned int'에서 'INT'(으)로의 변환에는 축소 변환이 필요합니다.
C:\Program Files (x86)\Microsoft DirectX SDK (June 2010)\Include\xnamath.h(2662,88): warning C4838: 'unsigned int'에서 'INT'(으)로의 변환에는 축소 변환이 필요합니다.
C:\Program Files (x86)\Microsoft DirectX SDK (June 2010)\Include\xnamath.h(2663,52): warning C4838: 'unsigned int'에서 'INT'(으)로의 변환에는 축소 변환이 필요합니다.
C:\Program Files (x86)\Microsoft DirectX SDK (June 2010)\Include\xnamath.h(2663,64): warning C4838: 'unsigned int'에서 'INT'(으)로의 변환에는 축소 변환이 필요합니다.
C:\Program Files (x86)\Microsoft DirectX SDK (June 2010)\Include\xnamath.h(2663,76): warning C4838: 'unsigned int'에서 'INT'(으)로의 변환에는 축소 변환이 필요합니다.
C:\Program Files (x86)\Microsoft DirectX SDK (June 2010)\Include\xnamath.h(2664,52): warning C4838: 'unsigned int'에서 'INT'(으)로의 변환에는 축소 변환이 필요합니다.
C:\Program Files (x86)\Microsoft DirectX SDK (June 2010)\Include\xnamath.h(2664,64): warning C4838: 'unsigned int'에서 'INT'(으)로의 변환에는 축소 변환이 필요합니다.
C:\Program Files (x86)\Microsoft DirectX SDK (June 2010)\Include\xnamath.h(2664,76): warning C4838: 'unsigned int'에서 'INT'(으)로의 변환에는 축소 변환이 필요합니다.
C:\Program Files (x86)\Microsoft DirectX SDK (June 2010)\Include\xnamath.h(2665,52): warning C4838: 'unsigned int'에서 'INT'(으)로의 변환에는 축소 변환이 필요합니다.
C:\Program Files (x86)\Microsoft DirectX SDK (June 2010)\Include\xnamath.h(2666,64): warning C4838: 'unsigned int'에서 'INT'(으)로의 변환에는 축소 변환이 필요합니다.
C:\Program Files (x86)\Microsoft DirectX SDK (June 2010)\Include\xnamath.h(2667,76): warning C4838: 'unsigned int'에서 'INT'(으)로의 변환에는 축소 변환이 필요합니다.
C:\Program Files (x86)\Microsoft DirectX SDK (June 2010)\Include\xnamath.h(2668,88): warning C4838: 'unsigned int'에서 'INT'(으)로의 변환에는 축소 변환이 필요합니다.
C:\Program Files (x86)\Microsoft DirectX SDK (June 2010)\Include\xnamath.h(2689,46): warning C4838: 'unsigned int'에서 'INT'(으)로의 변환에는 축소 변환이 필요합니다.
C:\Program Files (x86)\Microsoft DirectX SDK (June 2010)\Include\xnamath.h(2689,58): warning C4838: 'unsigned int'에서 'INT'(으)로의 변환에는 축소 변환이 필요합니다.
C:\Program Files (x86)\Microsoft DirectX SDK (June 2010)\Include\xnamath.h(2689,70): warning C4838: 'unsigned int'에서 'INT'(으)로의 변환에는 축소 변환이 필요합니다.
C:\Program Files (x86)\Microsoft DirectX SDK (June 2010)\Include\xnamath.h(2689,82): warning C4838: 'unsigned int'에서 'INT'(으)로의 변환에는 축소 변환이 필요합니다.
C:\Program Files (x86)\Microsoft DirectX SDK (June 2010)\Include\xnamath.h(2690,88): warning C4838: 'unsigned int'에서 'INT'(으)로의 변환에는 축소 변환이 필요합니다.
C:\Program Files (x86)\Microsoft DirectX SDK (June 2010)\Include\xnamath.h(2691,88): warning C4838: 'unsigned int'에서 'INT'(으)로의 변환에는 축소 변환이 필요합니다.
C:\Program Files (x86)\Microsoft DirectX SDK (June 2010)\Include\xnamath.h(2694,88): warning C4838: 'unsigned int'에서 'INT'(으)로의 변환에는 축소 변환이 필요합니다.
C:\Program Files (x86)\Microsoft DirectX SDK (June 2010)\Include\xnamath.h(2695,88): warning C4838: 'unsigned int'에서 'INT'(으)로의 변환에는 축소 변환이 필요합니다.
C:\Program Files (x86)\Microsoft DirectX SDK (June 2010)\Include\xnamath.h(2698,64): warning C4838: 'unsigned int'에서 'INT'(으)로의 변환에는 축소 변환이 필요합니다.
C:\Program Files (x86)\Microsoft DirectX SDK (June 2010)\Include\xnamath.h(2702,76): warning C4838: 'unsigned int'에서 'INT'(으)로의 변환에는 축소 변환이 필요합니다.
C:\Program Files (x86)\Microsoft DirectX SDK (June 2010)\Include\xnamath.h(2702,88): warning C4838: 'unsigned int'에서 'INT'(으)로의 변환에는 축소 변환이 필요합니다.
C:\Program Files (x86)\Microsoft DirectX SDK (June 2010)\Include\xnamath.h(2712,65): warning C4838: 'unsigned int'에서 'INT'(으)로의 변환에는 축소 변환이 필요합니다.
C:\Program Files (x86)\Microsoft DirectX SDK (June 2010)\Include\xnamath.h(2712,91): warning C4838: 'unsigned int'에서 'INT'(으)로의 변환에는 축소 변환이 필요합니다.
C:\Program Files (x86)\Microsoft DirectX SDK (June 2010)\Include\xnamath.h(2713,52): warning C4838: 'unsigned int'에서 'INT'(으)로의 변환에는 축소 변환이 필요합니다.
C:\Program Files (x86)\Microsoft DirectX SDK (June 2010)\Include\xnamath.h(2713,78): warning C4838: 'unsigned int'에서 'INT'(으)로의 변환에는 축소 변환이 필요합니다.
C:\Program Files (x86)\Microsoft DirectX SDK (June 2010)\Include\xnamath.h(2715,52): warning C4838: 'unsigned int'에서 'INT'(으)로의 변환에는 축소 변환이 필요합니다.
C:\Program Files (x86)\Microsoft DirectX SDK (June 2010)\Include\xnamath.h(2716,52): warning C4838: 'unsigned int'에서 'INT'(으)로의 변환에는 축소 변환이 필요합니다.
C:\Program Files (x86)\Microsoft DirectX SDK (June 2010)\Include\xnamath.h(2716,65): warning C4838: 'unsigned int'에서 'INT'(으)로의 변환에는 축소 변환이 필요합니다.
C:\Program Files (x86)\Microsoft DirectX SDK (June 2010)\Include\xnamath.h(2717,52): warning C4838: 'unsigned int'에서 'INT'(으)로의 변환에는 축소 변환이 필요합니다.
C:\Program Files (x86)\Microsoft DirectX SDK (June 2010)\Include\xnamath.h(2717,65): warning C4838: 'unsigned int'에서 'INT'(으)로의 변환에는 축소 변환이 필요합니다.
C:\Program Files (x86)\Microsoft DirectX SDK (June 2010)\Include\xnamath.h(2717,78): warning C4838: 'unsigned int'에서 'INT'(으)로의 변환에는 축소 변환이 필요합니다.
C:\Program Files (x86)\Microsoft DirectX SDK (June 2010)\Include\xnamath.h(2727,54): warning C4838: 'unsigned int'에서 'INT'(으)로의 변환에는 축소 변환이 필요합니다.
C:\Program Files (x86)\Microsoft DirectX SDK (June 2010)\Include\xnamath.h(2728,56): warning C4838: 'unsigned int'에서 'INT'(으)로의 변환에는 축소 변환이 필요합니다.
C:\Program Files (x86)\Microsoft DirectX SDK (June 2010)\Include\xnamath.h(2729,58): warning C4838: 'unsigned int'에서 'INT'(으)로의 변환에는 축소 변환이 필요합니다.
C:\Program Files (x86)\Microsoft DirectX SDK (June 2010)\Include\xnamath.h(2730,54): warning C4838: 'unsigned int'에서 'INT'(으)로의 변환에는 축소 변환이 필요합니다.
C:\Program Files (x86)\Microsoft DirectX SDK (June 2010)\Include\xnamath.h(2730,65): warning C4838: 'unsigned int'에서 'INT'(으)로의 변환에는 축소 변환이 필요합니다.
C:\Program Files (x86)\Microsoft DirectX SDK (June 2010)\Include\xnamath.h(2731,56): warning C4838: 'unsigned int'에서 'INT'(으)로의 변환에는 축소 변환이 필요합니다.
C:\Program Files (x86)\Microsoft DirectX SDK (June 2010)\Include\xnamath.h(2731,67): warning C4838: 'unsigned int'에서 'INT'(으)로의 변환에는 축소 변환이 필요합니다.
C:\Program Files (x86)\Microsoft DirectX SDK (June 2010)\Include\xnamath.h(2732,54): warning C4838: 'unsigned int'에서 'INT'(으)로의 변환에는 축소 변환이 필요합니다.
C:\Program Files (x86)\Microsoft DirectX SDK (June 2010)\Include\xnamath.h(2732,67): warning C4838: 'unsigned int'에서 'INT'(으)로의 변환에는 축소 변환이 필요합니다.
C:\Program Files (x86)\Microsoft DirectX SDK (June 2010)\Include\xnamath.h(2742,60): warning C4838: 'unsigned int'에서 'INT'(으)로의 변환에는 축소 변환이 필요합니다.
C:\Program Files (x86)\Microsoft DirectX SDK (June 2010)\Include\xnamath.h(2742,79): warning C4838: 'unsigned int'에서 'INT'(으)로의 변환에는 축소 변환이 필요합니다.
C:\Program Files (x86)\Microsoft DirectX SDK (June 2010)\Include\xnamath.h(2743,70): warning C4838: 'unsigned int'에서 'INT'(으)로의 변환에는 축소 변환이 필요합니다.
C:\Program Files (x86)\Microsoft DirectX SDK (June 2010)\Include\xnamath.h(2754,73): warning C4838: 'unsigned int'에서 'INT'(으)로의 변환에는 축소 변환이 필요합니다.
C:\Program Files (x86)\Microsoft DirectX SDK (June 2010)\Include\xnamathconvert.inl(2254,71): warning C4838: 'unsigned int'에서 'INT'(으)로의 변환에는 축소 변환이 필요합니다.
C:\Program Files (x86)\Microsoft DirectX SDK (June 2010)\Include\xnamathconvert.inl(4523,69): warning C4838: 'unsigned int'에서 'INT'(으)로의 변환에는 축소 변환이 필요합니다.
C:\Program Files (x86)\Microsoft DirectX SDK (June 2010)\Include\xnamathconvert.inl(4577,68): warning C4838: 'unsigned int'에서 'INT'(으)로의 변환에는 축소 변환이 필요합니다.
C:\Program Files (x86)\Microsoft DirectX SDK (June 2010)\Include\xnamathconvert.inl(4639,65): warning C4838: 'unsigned int'에서 'INT'(으)로의 변환에는 축소 변환이 필요합니다.
C:\Program Files (x86)\Microsoft DirectX SDK (June 2010)\Include\xnamathconvert.inl(4707,64): warning C4838: 'unsigned int'에서 'INT'(으)로의 변환에는 축소 변환이 필요합니다.
C:\Program Files (x86)\Microsoft DirectX SDK (June 2010)\Include\xnamathconvert.inl(4770,64): warning C4838: 'unsigned int'에서 'INT'(으)로의 변환에는 축소 변환이 필요합니다.
C:\Program Files (x86)\Microsoft DirectX SDK (June 2010)\Include\xnamathconvert.inl(4832,63): warning C4838: 'unsigned int'에서 'INT'(으)로의 변환에는 축소 변환이 필요합니다.
C:\Program Files (x86)\Microsoft DirectX SDK (June 2010)\Include\xnamathvector.inl(1269,45): warning C4838: 'unsigned int'에서 'INT'(으)로의 변환에는 축소 변환이 필요합니다.
C:\Program Files (x86)\Microsoft DirectX SDK (June 2010)\Include\xnamathvector.inl(1269,56): warning C4838: 'unsigned int'에서 'INT'(으)로의 변환에는 축소 변환이 필요합니다.
C:\Program Files (x86)\Microsoft DirectX SDK (June 2010)\Include\xnamathvector.inl(1269,67): warning C4838: 'unsigned int'에서 'INT'(으)로의 변환에는 축소 변환이 필요합니다.
C:\Program Files (x86)\Microsoft DirectX SDK (June 2010)\Include\xnamathvector.inl(1269,78): warning C4838: 'unsigned int'에서 'INT'(으)로의 변환에는 축소 변환이 필요합니다.
C:\Program Files (x86)\Microsoft DirectX SDK (June 2010)\Include\xnamathmisc.inl(518,43): warning C4838: 'unsigned int'에서 'INT'(으)로의 변환에는 축소 변환이 필요합니다.
C:\Program Files (x86)\Microsoft DirectX SDK (June 2010)\Include\xnamathmisc.inl(519,40): warning C4838: 'unsigned int'에서 'INT'(으)로의 변환에는 축소 변환이 필요합니다.
C:\Program Files (x86)\Microsoft DirectX SDK (June 2010)\Include\xnamathmisc.inl(519,51): warning C4838: 'unsigned int'에서 'INT'(으)로의 변환에는 축소 변환이 필요합니다.
  코드를 생성하고 있습니다...
Effects11d.lib(d3dxGlobal.obj) : warning LNK4099: 'Effects11d.pdb' PDB를 'Effects11d.lib(d3dxGlobal.obj)' 또는 'C:\Users\tongm\OneDrive\Documents\GitHub\DirectX_Practice\DX_11\Chapter07_DX_Lighting\DX11_LitSkull\Debug\Effects11d.pdb'에서 찾을 수 없습니다. 디버그 정보가 없는 것처럼 개체를 링크합니다.
Effects11d.lib(EffectAPI.obj) : warning LNK4099: 'Effects11d.pdb' PDB를 'Effects11d.lib(EffectAPI.obj)' 또는 'C:\Users\tongm\OneDrive\Documents\GitHub\DirectX_Practice\DX_11\Chapter07_DX_Lighting\DX11_LitSkull\Debug\Effects11d.pdb'에서 찾을 수 없습니다. 디버그 정보가 없는 것처럼 개체를 링크합니다.
Effects11d.lib(EffectLoad.obj) : warning LNK4099: 'Effects11d.pdb' PDB를 'Effects11d.lib(EffectLoad.obj)' 또는 'C:\Users\tongm\OneDrive\Documents\GitHub\DirectX_Practice\DX_11\Chapter07_DX_Lighting\DX11_LitSkull\Debug\Effects11d.pdb'에서 찾을 수 없습니다. 디버그 정보가 없는 것처럼 개체를 링크합니다.
Effects11d.lib(EffectNonRuntime.obj) : warning LNK4099: 'Effects11d.pdb' PDB를 'Effects11d.lib(EffectNonRuntime.obj)' 또는 'C:\Users\tongm\OneDrive\Documents\GitHub\DirectX_Practice\DX_11\Chapter07_DX_Lighting\DX11_LitSkull\Debug\Effects11d.pdb'에서 찾을 수 없습니다. 디버그 정보가 없는 것처럼 개체를 링크합니다.
Effects11d.lib(EffectReflection.obj) : warning LNK4099: 'Effects11d.pdb' PDB를 'Effects11d.lib(EffectReflection.obj)' 또는 'C:\Users\tongm\OneDrive\Documents\GitHub\DirectX_Practice\DX_11\Chapter07_DX_Lighting\DX11_LitSkull\Debug\Effects11d.pdb'에서 찾을 수 없습니다. 디버그 정보가 없는 것처럼 개체를 링크합니다.
Effects11d.lib(EffectRuntime.obj) : warning LNK4099: '' PDB를 'Effects11d.lib(EffectRuntime.obj)' 또는 ''에서 찾을 수 없습니다. 디버그 정보가 없는 것처럼 개체를 링크합니다.
  DX11_FRAME.vcxproj -> C:\Users\tongm\OneDrive\Documents\GitHub\DirectX_Practice\DX_11\Chapter07_DX_Lighting\DX11_LitSkull\Debug\DX11_FRAME.exe
